[1m[33müßπ Pre-test Cleanup[0m
[1m[34müöÄ Full Production Test Mode[0m
============================
[32müéØ Comprehensive testing: ALL tests including functional and calibration[0m
[36müí° Requires LLM server at http://localhost:8004[0m
[33m‚ö†Ô∏è  Server availability will be checked before execution[0m

2025-09-02 00:01:07,593 - INFO - Initializing test mode: production_full
2025-09-02 00:01:07,645 - INFO - Backend detected: llamacpp
2025-09-02 00:01:07,645 - INFO - Concurrency adjusted to: 1
2025-09-02 00:01:07,645 - INFO - Test mode initialized: production_full
2025-09-02 00:01:07,645 - INFO - Configuration: Comprehensive production testing including all server-dependent tests
2025-09-02 00:01:07,681 - INFO - ‚úÖ Server health check passed
2025-09-02 00:01:07,681 - INFO - Executing command: python -m pytest --tb=short --strict-markers --disable-warnings -v -s --cov=evaluator --cov=core --cov-report=term-missing --cov-fail-under=80 --cov-config=.coveragerc tests/unit tests/integration tests/functional tests/calibration
============================= test session starts ==============================
platform linux -- Python 3.12.11, pytest-8.4.1, pluggy-1.6.0 -- /home/alejandro/.pyenv/versions/ai-tools/bin/python
cachedir: .pytest_cache
rootdir: /home/alejandro/workspace/ai-workstation
configfile: pyproject.toml
plugins: cov-6.2.1, anyio-4.10.0, xdist-3.8.0, asyncio-1.1.0, mock-3.14.1
asyncio: mode=Mode.STRICT, asyncio_default_fixture_loop_scope=None, asyncio_default_test_loop_scope=function
collecting ... [2025-09-02 00:01:11,707] [INFO] [real_accelerator.py:260:get_accelerator] Setting ds_accelerator to cuda (auto detect)
[2025-09-02 00:01:14,332] [INFO] [logging.py:107:log_dist] [Rank -1] [TorchCheckpointEngine] Initialized with serialization = False
‚úÖ EnhancedUniversalEvaluator imported successfully
‚úÖ UniversalEvaluator imported successfully
collected 822 items

tests/unit/test_advanced_analysis/test_advanced_context_analyzer.py::TestContextWindowAnalyzer::test_comprehensive_context_analysis PASSED
tests/unit/test_advanced_analysis/test_advanced_context_analyzer.py::TestContextWindowAnalyzer::test_context_efficiency_metrics PASSED
tests/unit/test_advanced_analysis/test_advanced_context_analyzer.py::TestContextWindowAnalyzer::test_context_limit_estimation PASSED
tests/unit/test_advanced_analysis/test_advanced_context_analyzer.py::TestContextWindowAnalyzer::test_context_saturation_detection_repetition PASSED
tests/unit/test_advanced_analysis/test_advanced_context_analyzer.py::TestContextWindowAnalyzer::test_context_saturation_multiple_methods PASSED
tests/unit/test_advanced_analysis/test_advanced_context_analyzer.py::TestContextWindowAnalyzer::test_custom_metrics_integration PASSED
tests/unit/test_advanced_analysis/test_advanced_context_analyzer.py::TestContextWindowAnalyzer::test_degradation_pattern_classification PASSED
tests/unit/test_advanced_analysis/test_advanced_context_analyzer.py::TestContextWindowAnalyzer::test_degradation_point_detection PASSED
tests/unit/test_advanced_analysis/test_advanced_context_analyzer.py::TestContextWindowAnalyzer::test_edge_cases_handling PASSED
tests/unit/test_advanced_analysis/test_advanced_context_analyzer.py::TestContextWindowAnalyzer::test_length_pattern_analysis PASSED
tests/unit/test_advanced_analysis/test_advanced_context_analyzer.py::TestContextWindowAnalyzer::test_performance_with_long_texts PASSED
tests/unit/test_advanced_analysis/test_advanced_context_analyzer.py::TestContextWindowAnalyzer::test_quality_by_position_basic PASSED
tests/unit/test_advanced_analysis/test_advanced_context_analyzer.py::TestContextWindowAnalyzer::test_quality_by_position_degradation_detection PASSED
tests/unit/test_advanced_analysis/test_advanced_context_analyzer.py::TestContextAnalyzerIntegration::test_context_limit_prediction PASSED
tests/unit/test_advanced_analysis/test_advanced_context_analyzer.py::TestContextAnalyzerIntegration::test_model_specific_context_analysis PASSED
tests/unit/test_advanced_analysis/test_advanced_context_analyzer.py::TestConvenienceFunctions::test_analyze_context_quality_function PASSED
tests/unit/test_advanced_analysis/test_advanced_context_analyzer.py::TestConvenienceFunctions::test_detect_context_saturation_function PASSED
tests/unit/test_advanced_analysis/test_advanced_context_analyzer.py::TestConvenienceFunctions::test_estimate_context_limit_function PASSED
tests/unit/test_advanced_analysis/test_advanced_entropy_calculator.py::TestEntropyCalculator::test_comprehensive_entropy_profile PASSED
tests/unit/test_advanced_analysis/test_advanced_entropy_calculator.py::TestEntropyCalculator::test_edge_cases_and_error_handling PASSED
tests/unit/test_advanced_analysis/test_advanced_entropy_calculator.py::TestEntropyCalculator::test_entropy_comparison PASSED
tests/unit/test_advanced_analysis/test_advanced_entropy_calculator.py::TestEntropyCalculator::test_entropy_pattern_detection PASSED
tests/unit/test_advanced_analysis/test_advanced_entropy_calculator.py::TestEntropyCalculator::test_entropy_quality_correlation PASSED
tests/unit/test_advanced_analysis/test_advanced_entropy_calculator.py::TestEntropyCalculator::test_mathematical_content_analysis PASSED
tests/unit/test_advanced_analysis/test_advanced_entropy_calculator.py::TestEntropyCalculator::test_multilingual_content_handling PASSED
tests/unit/test_advanced_analysis/test_advanced_entropy_calculator.py::TestEntropyCalculator::test_ngram_entropy_patterns PASSED
tests/unit/test_advanced_analysis/test_advanced_entropy_calculator.py::TestEntropyCalculator::test_performance_and_scalability PASSED
tests/unit/test_advanced_analysis/test_advanced_entropy_calculator.py::TestEntropyCalculator::test_semantic_entropy_analysis PASSED
tests/unit/test_advanced_analysis/test_advanced_entropy_calculator.py::TestEntropyCalculator::test_shannon_entropy_basic_cases PASSED
tests/unit/test_advanced_analysis/test_advanced_entropy_calculator.py::TestEntropyCalculator::test_shannon_entropy_mathematical_properties PASSED
tests/unit/test_advanced_analysis/test_advanced_entropy_calculator.py::TestEntropyCalculator::test_vocabulary_entropy_metrics PASSED
tests/unit/test_advanced_analysis/test_advanced_entropy_calculator.py::TestConvenienceFunctions::test_analyze_text_entropy_function PASSED
tests/unit/test_advanced_analysis/test_advanced_entropy_calculator.py::TestConvenienceFunctions::test_calculate_shannon_entropy_function PASSED
tests/unit/test_advanced_analysis/test_advanced_entropy_calculator.py::TestEntropyCalculatorIntegration::test_entropy_based_quality_detection PASSED
tests/unit/test_advanced_analysis/test_advanced_entropy_calculator.py::TestEntropyCalculatorIntegration::test_model_output_entropy_signatures PASSED
tests/unit/test_advanced_analysis/test_advanced_quantization_tester.py::TestQuantizationTester::test_comprehensive_quantization_tests PASSED
tests/unit/test_advanced_analysis/test_advanced_quantization_tester.py::TestQuantizationTester::test_degradation_pattern_detection PASSED
tests/unit/test_advanced_analysis/test_advanced_quantization_tester.py::TestQuantizationTester::test_edge_cases_factual PASSED
tests/unit/test_advanced_analysis/test_advanced_quantization_tester.py::TestQuantizationTester::test_edge_cases_numerical PASSED
tests/unit/test_advanced_analysis/test_advanced_quantization_tester.py::TestQuantizationTester::test_factual_consistency_basic PASSED
tests/unit/test_advanced_analysis/test_advanced_quantization_tester.py::TestQuantizationTester::test_factual_consistency_error_detection PASSED
tests/unit/test_advanced_analysis/test_advanced_quantization_tester.py::TestQuantizationTester::test_internal_consistency_detection PASSED
tests/unit/test_advanced_analysis/test_advanced_quantization_tester.py::TestQuantizationTester::test_math_avoidance_detection PASSED
tests/unit/test_advanced_analysis/test_advanced_quantization_tester.py::TestQuantizationTester::test_multilingual_numerical_content PASSED
tests/unit/test_advanced_analysis/test_advanced_quantization_tester.py::TestQuantizationTester::test_numerical_stability_basic PASSED
tests/unit/test_advanced_analysis/test_advanced_quantization_tester.py::TestQuantizationTester::test_numerical_stability_comparison PASSED
tests/unit/test_advanced_analysis/test_advanced_quantization_tester.py::TestQuantizationTester::test_performance_with_long_content PASSED
tests/unit/test_advanced_analysis/test_advanced_quantization_tester.py::TestQuantizationTester::test_precision_loss_detection PASSED
tests/unit/test_advanced_analysis/test_advanced_quantization_tester.py::TestQuantizationTester::test_quantization_impact_analysis PASSED
tests/unit/test_advanced_analysis/test_advanced_quantization_tester.py::TestQuantizationTester::test_quantization_impact_with_baseline PASSED
tests/unit/test_advanced_analysis/test_advanced_quantization_tester.py::TestQuantizationTester::test_quantization_severity_classification PASSED
tests/unit/test_advanced_analysis/test_advanced_quantization_tester.py::TestQuantizationTester::test_robustness_assessment PASSED
tests/unit/test_advanced_analysis/test_advanced_quantization_tester.py::TestQuantizationTesterIntegration::test_quantization_impact_correlation PASSED
tests/unit/test_advanced_analysis/test_advanced_quantization_tester.py::TestQuantizationTesterIntegration::test_quantization_level_discrimination PASSED
tests/unit/test_advanced_analysis/test_advanced_quantization_tester.py::TestConvenienceFunctions::test_factual_consistency_function PASSED
tests/unit/test_advanced_analysis/test_advanced_quantization_tester.py::TestConvenienceFunctions::test_numerical_stability_function PASSED
tests/unit/test_advanced_analysis/test_advanced_quantization_tester.py::TestConvenienceFunctions::test_quantization_impact_function PASSED
tests/unit/test_advanced_analysis/test_advanced_semantic_coherence.py::TestSemanticCoherenceAnalyzer::test_coherence_comparison_across_text_types PASSED
tests/unit/test_advanced_analysis/test_advanced_semantic_coherence.py::TestSemanticCoherenceAnalyzer::test_coherence_performance_scalability PASSED
tests/unit/test_advanced_analysis/test_advanced_semantic_coherence.py::TestSemanticCoherenceAnalyzer::test_coherence_with_dialogue_and_narrative PASSED
tests/unit/test_advanced_analysis/test_advanced_semantic_coherence.py::TestSemanticCoherenceAnalyzer::test_coherence_with_lists_and_structured_content PASSED
tests/unit/test_advanced_analysis/test_advanced_semantic_coherence.py::TestSemanticCoherenceAnalyzer::test_comprehensive_coherence_analysis PASSED
tests/unit/test_advanced_analysis/test_advanced_semantic_coherence.py::TestSemanticCoherenceAnalyzer::test_edge_case_handling PASSED
tests/unit/test_advanced_analysis/test_advanced_semantic_coherence.py::TestSemanticCoherenceAnalyzer::test_multilingual_coherence_analysis PASSED
tests/unit/test_advanced_analysis/test_advanced_semantic_coherence.py::TestSemanticCoherenceAnalyzer::test_prompt_completion_coherence_basic PASSED
tests/unit/test_advanced_analysis/test_advanced_semantic_coherence.py::TestSemanticCoherenceAnalyzer::test_prompt_completion_coherence_edge_cases PASSED
tests/unit/test_advanced_analysis/test_advanced_semantic_coherence.py::TestSemanticCoherenceAnalyzer::test_semantic_drift_detection PASSED
tests/unit/test_advanced_analysis/test_advanced_semantic_coherence.py::TestSemanticCoherenceAnalyzer::test_semantic_drift_edge_cases PASSED
tests/unit/test_advanced_analysis/test_advanced_semantic_coherence.py::TestSemanticCoherenceAnalyzer::test_semantic_flow_analysis PASSED
tests/unit/test_advanced_analysis/test_advanced_semantic_coherence.py::TestSemanticCoherenceAnalyzer::test_technical_vs_creative_coherence PASSED
tests/unit/test_advanced_analysis/test_advanced_semantic_coherence.py::TestSemanticCoherenceAnalyzer::test_topic_consistency_analysis PASSED
tests/unit/test_advanced_analysis/test_advanced_semantic_coherence.py::TestSemanticCoherenceIntegration::test_prompt_completion_integration PASSED
tests/unit/test_advanced_analysis/test_advanced_semantic_coherence.py::TestSemanticCoherenceIntegration::test_quality_discrimination PASSED
tests/unit/test_advanced_analysis/test_advanced_semantic_coherence.py::TestConvenienceFunctions::test_analyze_semantic_coherence_function PASSED
tests/unit/test_advanced_analysis/test_advanced_semantic_coherence.py::TestConvenienceFunctions::test_measure_prompt_completion_coherence_function PASSED
tests/unit/test_advanced_analysis/test_consistency_validator.py::TestConsistencyValidator::test_built_in_question_sets PASSED
tests/unit/test_advanced_analysis/test_consistency_validator.py::TestConsistencyValidator::test_confidence_analysis_integration PASSED
tests/unit/test_advanced_analysis/test_consistency_validator.py::TestConsistencyValidator::test_consistency_failure_patterns PASSED
tests/unit/test_advanced_analysis/test_consistency_validator.py::TestConsistencyValidator::test_consistency_score_bounds PASSED
tests/unit/test_advanced_analysis/test_consistency_validator.py::TestConsistencyValidator::test_consistency_threshold_classification PASSED
tests/unit/test_advanced_analysis/test_consistency_validator.py::TestConsistencyValidator::test_consistent_responses_analysis PASSED
tests/unit/test_advanced_analysis/test_consistency_validator.py::TestConsistencyValidator::test_cross_phrasing_result_structure PASSED
tests/unit/test_advanced_analysis/test_consistency_validator.py::TestConsistencyValidator::test_empty_input_handling PASSED
tests/unit/test_advanced_analysis/test_consistency_validator.py::TestConsistencyValidator::test_fallback_methods PASSED
tests/unit/test_advanced_analysis/test_consistency_validator.py::TestConsistencyValidator::test_incomplete_response_detection PASSED
tests/unit/test_advanced_analysis/test_consistency_validator.py::TestConsistencyValidator::test_inconsistent_responses_analysis PASSED
tests/unit/test_advanced_analysis/test_consistency_validator.py::TestConsistencyValidator::test_initialization PASSED
tests/unit/test_advanced_analysis/test_consistency_validator.py::TestConsistencyValidator::test_internal_contradiction_detection PASSED
tests/unit/test_advanced_analysis/test_consistency_validator.py::TestConsistencyValidator::test_lexical_similarity_fallback PASSED
tests/unit/test_advanced_analysis/test_consistency_validator.py::TestConsistencyValidator::test_mock_model_evaluator PASSED
tests/unit/test_advanced_analysis/test_consistency_validator.py::TestConsistencyValidator::test_off_topic_detection PASSED
tests/unit/test_advanced_analysis/test_consistency_validator.py::TestConsistencyValidator::test_reliability_metrics_calculation PASSED
tests/unit/test_advanced_analysis/test_consistency_validator.py::TestConsistencyValidator::test_response_clustering_analysis PASSED
tests/unit/test_advanced_analysis/test_consistency_validator.py::TestConsistencyValidator::test_response_consistency_calculation PASSED
tests/unit/test_advanced_analysis/test_consistency_validator.py::TestConsistencyValidator::test_semantic_equivalence_calculation PASSED
tests/unit/test_advanced_analysis/test_consistency_validator.py::TestConsistencyValidatorEdgeCases::test_identical_responses PASSED
tests/unit/test_advanced_analysis/test_consistency_validator.py::TestConsistencyValidatorEdgeCases::test_multilingual_content PASSED
tests/unit/test_advanced_analysis/test_consistency_validator.py::TestConsistencyValidatorEdgeCases::test_numeric_content_consistency PASSED
tests/unit/test_advanced_analysis/test_consistency_validator.py::TestConsistencyValidatorEdgeCases::test_special_characters_handling PASSED
tests/unit/test_advanced_analysis/test_consistency_validator.py::TestConsistencyValidatorEdgeCases::test_very_long_responses PASSED
tests/unit/test_core_modules/test_benchmarking_engine.py::TestModelEndpoint::test_model_endpoint_creation PASSED
tests/unit/test_core_modules/test_benchmarking_engine.py::TestModelEndpoint::test_model_endpoint_custom_tokens PASSED
tests/unit/test_core_modules/test_benchmarking_engine.py::TestModelEndpoint::test_model_endpoint_optimal_tokens PASSED
tests/unit/test_core_modules/test_benchmarking_engine.py::TestMultiModelBenchmarking::test_add_model_endpoint PASSED
tests/unit/test_core_modules/test_benchmarking_engine.py::TestMultiModelBenchmarking::test_benchmarker_initialization PASSED
tests/unit/test_core_modules/test_benchmarking_engine.py::TestMultiModelBenchmarking::test_calculate_calibration_score PASSED
tests/unit/test_core_modules/test_benchmarking_engine.py::TestMultiModelBenchmarking::test_calculate_comparative_metrics PASSED
tests/unit/test_core_modules/test_benchmarking_engine.py::TestMultiModelBenchmarking::test_determine_test_difficulty PASSED
tests/unit/test_core_modules/test_benchmarking_engine.py::TestMultiModelBenchmarking::test_load_domain_tests PASSED
tests/unit/test_core_modules/test_benchmarking_engine.py::TestMultiModelBenchmarking::test_make_api_request PASSED
tests/unit/test_core_modules/test_benchmarking_engine.py::TestMultiModelBenchmarking::test_make_api_request_failure PASSED
tests/unit/test_core_modules/test_benchmarking_engine.py::TestBenchmarkSummary::test_benchmark_summary_creation PASSED
tests/unit/test_core_modules/test_benchmarking_engine.py::TestBenchmarkSummary::test_generate_comparative_insights PASSED
tests/unit/test_core_modules/test_benchmarking_engine.py::TestBenchmarkingIntegration::test_calibration_criteria_alignment PASSED
tests/unit/test_core_modules/test_benchmarking_engine.py::TestBenchmarkingIntegration::test_pattern_evaluator_integration PASSED
tests/unit/test_core_modules/test_cognitive_evaluation_pipeline.py::TestCognitiveEvaluationPipeline::test_ability_to_weight_mapping PASSED
tests/unit/test_core_modules/test_cognitive_evaluation_pipeline.py::TestCognitiveEvaluationPipeline::test_calculate_fallback_subscores PASSED
tests/unit/test_core_modules/test_cognitive_evaluation_pipeline.py::TestCognitiveEvaluationPipeline::test_cognitive_domain_classification PASSED
tests/unit/test_core_modules/test_cognitive_evaluation_pipeline.py::TestCognitiveEvaluationPipeline::test_cognitive_mappings_structure PASSED
tests/unit/test_core_modules/test_cognitive_evaluation_pipeline.py::TestCognitiveEvaluationPipeline::test_confidence_score_calculation PASSED
tests/unit/test_core_modules/test_cognitive_evaluation_pipeline.py::TestCognitiveEvaluationPipeline::test_domain_specific_subscores PASSED
tests/unit/test_core_modules/test_cognitive_evaluation_pipeline.py::TestCognitiveEvaluationPipeline::test_empty_response_handling PASSED
tests/unit/test_core_modules/test_cognitive_evaluation_pipeline.py::TestCognitiveEvaluationPipeline::test_evaluation_summary_generation PASSED
tests/unit/test_core_modules/test_cognitive_evaluation_pipeline.py::TestCognitiveEvaluationPipeline::test_fallback_scoring PASSED
tests/unit/test_core_modules/test_cognitive_evaluation_pipeline.py::TestCognitiveEvaluationPipeline::test_overall_score_calculation PASSED
tests/unit/test_core_modules/test_cognitive_evaluation_pipeline.py::TestCognitiveEvaluationPipeline::test_pattern_evaluator_integration PASSED
tests/unit/test_core_modules/test_cognitive_evaluation_pipeline.py::TestCognitiveEvaluationPipeline::test_response_length_handling PASSED
tests/unit/test_core_modules/test_cognitive_evaluation_pipeline.py::TestCognitiveEvaluationResult::test_result_creation PASSED
tests/unit/test_core_modules/test_production_calibration.py::TestProductionCalibrator::test_calibrator_initialization SKIPPED
tests/unit/test_core_modules/test_production_calibration.py::TestProductionCalibrator::test_hardware_optimization_config SKIPPED
tests/unit/test_core_modules/test_production_calibration.py::TestProductionCalibrator::test_token_optimization_strategy SKIPPED
tests/unit/test_core_modules/test_production_calibration.py::TestProductionCalibrationModuleStructure::test_module_has_calibration_functionality Found calibration attributes: ['CalibrationResult', 'ProductionCalibrationFramework']
PASSED
tests/unit/test_core_modules/test_production_calibration.py::TestProductionCalibrationModuleStructure::test_module_imports_successfully PASSED
tests/unit/test_core_modules/test_production_calibration.py::TestProductionCalibrationModuleStructure::test_module_structure_completeness PASSED
tests/unit/test_core_modules/test_production_calibration.py::TestProductionCalibrationIntegration::test_integration_with_calibration_engine PASSED
tests/unit/test_core_modules/test_production_calibration.py::TestProductionCalibrationIntegration::test_integration_with_results_manager PASSED
tests/unit/test_core_modules/test_production_calibration.py::TestProductionCalibrationDocumentation::test_module_docstring_exists PASSED
tests/unit/test_core_modules/test_production_calibration.py::TestProductionCalibrationDocumentation::test_proven_calibration_metrics_documented Proven calibration metrics documentation found: True
PASSED
tests/unit/test_core_modules/test_test_mode_config.py::TestTestModeConfiguration::test_custom_configuration_creation PASSED
tests/unit/test_core_modules/test_test_mode_config.py::TestTestModeConfiguration::test_default_configuration_creation PASSED
tests/unit/test_core_modules/test_test_mode_config.py::TestTestModeManager::test_backend_detection_error PASSED
tests/unit/test_core_modules/test_test_mode_config.py::TestTestModeManager::test_backend_detection_llama_cpp PASSED
tests/unit/test_core_modules/test_test_mode_config.py::TestTestModeManager::test_backend_detection_unknown PASSED
tests/unit/test_core_modules/test_test_mode_config.py::TestTestModeManager::test_backend_detection_vllm PASSED
tests/unit/test_core_modules/test_test_mode_config.py::TestTestModeManager::test_collect_environment_overrides_boolean PASSED
tests/unit/test_core_modules/test_test_mode_config.py::TestTestModeManager::test_collect_environment_overrides_float PASSED
tests/unit/test_core_modules/test_test_mode_config.py::TestTestModeManager::test_collect_environment_overrides_invalid_values PASSED
tests/unit/test_core_modules/test_test_mode_config.py::TestTestModeManager::test_collect_environment_overrides_numeric PASSED
tests/unit/test_core_modules/test_test_mode_config.py::TestTestModeManager::test_export_environment_variables PASSED
tests/unit/test_core_modules/test_test_mode_config.py::TestTestModeManager::test_get_pytest_args PASSED
tests/unit/test_core_modules/test_test_mode_config.py::TestTestModeManager::test_get_test_directories PASSED
tests/unit/test_core_modules/test_test_mode_config.py::TestTestModeManager::test_initialize_mode_debug PASSED
tests/unit/test_core_modules/test_test_mode_config.py::TestTestModeManager::test_initialize_mode_development PASSED
tests/unit/test_core_modules/test_test_mode_config.py::TestTestModeManager::test_initialize_mode_production PASSED
tests/unit/test_core_modules/test_test_mode_config.py::TestTestModeManager::test_initialize_mode_with_environment_overrides PASSED
tests/unit/test_core_modules/test_test_mode_config.py::TestTestModeManager::test_load_mode_from_environment_aliases PASSED
tests/unit/test_core_modules/test_test_mode_config.py::TestTestModeManager::test_load_mode_from_environment_default PASSED
tests/unit/test_core_modules/test_test_mode_config.py::TestTestModeManager::test_load_mode_from_environment_production PASSED
tests/unit/test_core_modules/test_test_mode_config.py::TestTestModeManager::test_optimal_concurrency_llama_cpp PASSED
tests/unit/test_core_modules/test_test_mode_config.py::TestTestModeManager::test_optimal_concurrency_unknown PASSED
tests/unit/test_core_modules/test_test_mode_config.py::TestTestModeManager::test_optimal_concurrency_vllm PASSED
tests/unit/test_core_modules/test_test_mode_config.py::TestTestModeManager::test_should_include_test_type PASSED
tests/unit/test_core_modules/test_test_mode_config.py::TestConvenienceFunctions::test_get_current_test_config PASSED
tests/unit/test_core_modules/test_test_mode_config.py::TestConvenienceFunctions::test_get_test_mode_manager_singleton PASSED
tests/unit/test_core_modules/test_test_mode_config.py::TestConvenienceFunctions::test_initialize_test_mode PASSED
tests/unit/test_core_modules/test_test_mode_config.py::TestIntegration::test_complete_development_workflow PASSED
tests/unit/test_core_modules/test_test_mode_config.py::TestIntegration::test_complete_production_workflow PASSED
tests/unit/test_core_modules/test_test_results_manager.py::TestTestResultsManager::test_analyze_cognitive_patterns PASSED
tests/unit/test_core_modules/test_test_results_manager.py::TestTestResultsManager::test_classify_cognitive_domain PASSED
tests/unit/test_core_modules/test_test_results_manager.py::TestTestResultsManager::test_cognitive_pattern_detection PASSED
tests/unit/test_core_modules/test_test_results_manager.py::TestTestResultsManager::test_create_run_directory PASSED
tests/unit/test_core_modules/test_test_results_manager.py::TestTestResultsManager::test_empty_responses_handling PASSED
tests/unit/test_core_modules/test_test_results_manager.py::TestTestResultsManager::test_json_serialization_complex_objects PASSED
tests/unit/test_core_modules/test_test_results_manager.py::TestTestResultsManager::test_make_serializable PASSED
tests/unit/test_core_modules/test_test_results_manager.py::TestTestResultsManager::test_save_test_response PASSED
tests/unit/test_core_modules/test_test_results_manager.py::TestCognitivePattern::test_cognitive_pattern_creation PASSED
tests/unit/test_core_modules/test_test_results_manager.py::TestCognitiveProfile::test_cognitive_profile_creation PASSED
tests/unit/test_core_system/test_benchmark_runner_args.py::TestBenchmarkRunnerArgs::test_invalid_test_type_handled_gracefully PASSED
tests/unit/test_core_system/test_benchmark_runner_args.py::TestBenchmarkRunnerArgs::test_specific_domain_loading PASSED
tests/unit/test_core_system/test_benchmark_runner_args.py::TestBenchmarkRunnerArgs::test_valid_base_type_accepted PASSED
tests/unit/test_core_system/test_benchmark_runner_args.py::TestBenchmarkRunnerArgs::test_valid_instruct_type_accepted PASSED
tests/unit/test_core_system/test_benchmark_test_runner.py::TestTestRunnerConfiguration::test_category_filtering PASSED
tests/unit/test_core_system/test_benchmark_test_runner.py::TestTestRunnerConfiguration::test_load_base_model_test_suite PASSED
tests/unit/test_core_system/test_benchmark_test_runner.py::TestTestRunnerConfiguration::test_load_instruct_model_test_suite PASSED
tests/unit/test_core_system/test_benchmark_test_runner.py::TestTestRunnerConfiguration::test_malformed_json_handling PASSED
tests/unit/test_core_system/test_benchmark_test_runner.py::TestTestRunnerConfiguration::test_missing_file_handling PASSED
tests/unit/test_core_system/test_benchmark_test_runner.py::TestTestRunnerHTTPCommunication::test_chat_api_request_format PASSED
tests/unit/test_core_system/test_benchmark_test_runner.py::TestTestRunnerHTTPCommunication::test_completions_api_request_format PASSED
tests/unit/test_core_system/test_benchmark_test_runner.py::TestTestRunnerHTTPCommunication::test_response_parsing PASSED
tests/unit/test_core_system/test_benchmark_test_runner.py::TestTestRunnerHTTPCommunication::test_retry_logic_on_server_error PASSED
tests/unit/test_core_system/test_benchmark_test_runner.py::TestTestRunnerHTTPCommunication::test_timeout_handling PASSED
tests/unit/test_core_system/test_benchmark_test_runner.py::TestTestRunnerConcurrentExecution::test_error_handling_in_sequential_execution PASSED
tests/unit/test_core_system/test_benchmark_test_runner.py::TestTestRunnerConcurrentExecution::test_progress_tracking PASSED
tests/unit/test_core_system/test_benchmark_test_runner.py::TestTestRunnerConcurrentExecution::test_sequential_execution_consistency PASSED
tests/unit/test_core_system/test_benchmark_test_runner.py::TestTestRunnerConcurrentExecution::test_sequential_execution_management PASSED
tests/unit/test_core_system/test_benchmark_test_runner.py::TestTestRunnerResultManagement::test_batch_results_aggregation PASSED
tests/unit/test_core_system/test_benchmark_test_runner.py::TestTestRunnerResultManagement::test_completion_text_file_creation PASSED
tests/unit/test_core_system/test_benchmark_test_runner.py::TestTestRunnerResultManagement::test_file_naming_conventions PASSED
tests/unit/test_core_system/test_benchmark_test_runner.py::TestTestRunnerResultManagement::test_individual_result_file_creation PASSED
tests/unit/test_core_system/test_benchmark_test_runner.py::TestTestRunnerResultManagement::test_output_directory_creation PASSED
tests/unit/test_core_system/test_benchmark_test_runner.py::TestTestRunnerPerformanceMonitoring::test_execution_time_measurement PASSED
tests/unit/test_core_system/test_benchmark_test_runner.py::TestTestRunnerPerformanceMonitoring::test_performance_metrics_collection PASSED
tests/unit/test_core_system/test_benchmark_test_runner.py::TestTestRunnerPerformanceMonitoring::test_token_counting PASSED
tests/unit/test_core_system/test_benchmark_test_runner.py::TestTestRunnerPerformanceMonitoring::test_tokens_per_second_calculation PASSED
tests/unit/test_core_system/test_benchmark_test_runner.py::TestTestRunnerErrorHandling::test_disk_space_error_simulation PASSED
tests/unit/test_core_system/test_benchmark_test_runner.py::TestTestRunnerErrorHandling::test_empty_test_suite_handling PASSED
tests/unit/test_core_system/test_benchmark_test_runner.py::TestTestRunnerErrorHandling::test_invalid_test_id_handling PASSED
tests/unit/test_core_system/test_benchmark_test_runner.py::TestTestRunnerErrorHandling::test_malformed_response_handling PASSED
tests/unit/test_core_system/test_benchmark_test_runner.py::TestTestRunnerErrorHandling::test_network_connection_error PASSED
tests/unit/test_core_system/test_benchmark_test_runner.py::TestTestRunnerErrorHandling::test_rate_limiting_handling PASSED
tests/unit/test_core_system/test_benchmark_test_runner.py::TestTestRunnerErrorHandling::test_server_500_error_handling PASSED
tests/unit/test_core_system/test_benchmark_test_runner.py::TestTestRunnerEndToEndIntegration::test_category_specific_execution PASSED
tests/unit/test_core_system/test_benchmark_test_runner.py::TestTestRunnerEndToEndIntegration::test_complete_base_model_workflow PASSED
tests/unit/test_core_system/test_benchmark_test_runner.py::TestTestRunnerEndToEndIntegration::test_complete_instruct_model_workflow PASSED
tests/unit/test_core_system/test_benchmark_test_runner.py::TestTestRunnerEndToEndIntegration::test_progress_tracking_integration PASSED
tests/unit/test_core_system/test_concurrency_basic.py::TestConcurrencyBasic::test_concurrent_evaluation_basic PASSED
tests/unit/test_core_system/test_concurrency_basic.py::TestConcurrencyBasic::test_concurrent_evaluation_no_resource_conflicts PASSED
tests/unit/test_core_system/test_domain_loading.py::TestDomainLoading::test_discover_test_suites_finds_existing_domains PASSED
tests/unit/test_core_system/test_domain_loading.py::TestDomainLoading::test_load_categories_handles_missing_file PASSED
tests/unit/test_core_system/test_domain_loading.py::TestDomainLoading::test_malformed_json_handled_gracefully PASSED
tests/unit/test_core_system/test_model_tokenizer_mappings.py::TestTokenizerMappings::test_context_analyzer_model_mappings PASSED
tests/unit/test_core_system/test_model_tokenizer_mappings.py::TestTokenizerMappings::test_entropy_calculator_model_mappings PASSED
tests/unit/test_core_system/test_model_tokenizer_mappings.py::TestTokenizerMappings::test_pattern_matching_logic PASSED
tests/unit/test_core_system/test_model_tokenizer_mappings.py::TestTokenizerMappings::test_target_model_specific_mappings PASSED
tests/unit/test_core_system/test_model_tokenizer_mappings.py::TestTokenizerMappings::test_tiktoken_unavailable_fallback PASSED
tests/unit/test_core_system/test_model_tokenizer_mappings.py::TestTokenizerMappings::test_tokenizer_initialization_error_handling PASSED
tests/unit/test_core_system/test_model_tokenizer_mappings.py::TestTokenizerFunctionality::test_fallback_behavior_without_tiktoken PASSED
tests/unit/test_core_system/test_model_tokenizer_mappings.py::TestTokenizerFunctionality::test_gpt_oss_20b_entropy_calculation PASSED
tests/unit/test_core_system/test_model_tokenizer_mappings.py::TestTokenizerFunctionality::test_model_case_insensitivity PASSED
tests/unit/test_core_system/test_model_tokenizer_mappings.py::TestTokenizerFunctionality::test_qwen3_context_analysis PASSED
tests/unit/test_cultural_validation/test_community_flagging_system.py::TestCommunityFlaggingSystem::test_flag_data_structure Error loading community flags: Expecting value: line 39 column 7 (char 992)
Error saving community flags: Object of type Mock is not JSON serializable
PASSED
tests/unit/test_cultural_validation/test_community_flagging_system.py::TestCommunityFlaggingSystem::test_flagging_system_initialization Error loading community flags: Expecting value: line 25 column 7 (char 626)
Error loading community flags: Expecting value: line 25 column 7 (char 626)
Error loading community flags: Expecting value: line 25 column 7 (char 626)
PASSED
tests/unit/test_cultural_validation/test_community_flagging_system.py::TestAutoFlaggingRulesAndThresholds::test_cultural_authenticity_auto_flagging Error loading community flags: Expecting value: line 25 column 7 (char 626)
Error saving community flags: Object of type Mock is not JSON serializable
PASSED
tests/unit/test_cultural_validation/test_community_flagging_system.py::TestAutoFlaggingRulesAndThresholds::test_high_confidence_no_flagging Error loading community flags: Expecting value: line 24 column 7 (char 604)
PASSED
tests/unit/test_cultural_validation/test_community_flagging_system.py::TestAutoFlaggingRulesAndThresholds::test_low_confidence_auto_flagging Error loading community flags: Expecting value: line 24 column 7 (char 604)
Error saving community flags: Object of type Mock is not JSON serializable
PASSED
tests/unit/test_cultural_validation/test_community_flagging_system.py::TestAnalyticsCalculations::test_basic_export_functionality Error loading community flags: Expecting value: line 24 column 7 (char 596)
Error saving community flags: Object of type Mock is not JSON serializable
Error saving community flags: Object of type Mock is not JSON serializable
Error saving community flags: Object of type Mock is not JSON serializable
Error saving community flags: Object of type Mock is not JSON serializable
Error saving community flags: Object of type Mock is not JSON serializable
PASSED
tests/unit/test_cultural_validation/test_community_flagging_system.py::TestAnalyticsCalculations::test_flag_frequency_analysis Error loading community flags: Expecting value: line 24 column 7 (char 544)
Error saving community flags: Object of type Mock is not JSON serializable
Error saving community flags: Object of type Mock is not JSON serializable
Error saving community flags: Object of type Mock is not JSON serializable
Error saving community flags: Object of type Mock is not JSON serializable
Error saving community flags: Object of type Mock is not JSON serializable
PASSED
tests/unit/test_cultural_validation/test_community_flagging_system.py::TestFlagReviewWorkflow::test_community_feedback Error loading community flags: Expecting value: line 24 column 7 (char 544)
PASSED
tests/unit/test_cultural_validation/test_community_flagging_system.py::TestFlagReviewWorkflow::test_flag_review_process Error loading community flags: Expecting value: line 24 column 7 (char 544)
Error saving community flags: Object of type Mock is not JSON serializable
Error saving community flags: Object of type Mock is not JSON serializable
PASSED
tests/unit/test_cultural_validation/test_community_flagging_system.py::TestFlagReviewWorkflow::test_get_pending_flags Error loading community flags: Expecting value: line 24 column 7 (char 576)
Error saving community flags: Object of type Mock is not JSON serializable
Error saving community flags: Object of type Mock is not JSON serializable
Error saving community flags: Object of type Mock is not JSON serializable
PASSED
tests/unit/test_cultural_validation/test_cross_cultural_coherence.py::TestCrossCulturalCoherenceChecker::test_checker_initialization PASSED
tests/unit/test_cultural_validation/test_cross_cultural_coherence.py::TestCrossCulturalCoherenceChecker::test_coherence_score_bounds PASSED
tests/unit/test_cultural_validation/test_cross_cultural_coherence.py::TestCrossCulturalCoherenceChecker::test_coherent_response_analysis PASSED
tests/unit/test_cultural_validation/test_cross_cultural_coherence.py::TestCrossCulturalCoherenceChecker::test_comparison_severity_assessment PASSED
tests/unit/test_cultural_validation/test_cross_cultural_coherence.py::TestCrossCulturalCoherenceChecker::test_cultural_context_integration PASSED
tests/unit/test_cultural_validation/test_cross_cultural_coherence.py::TestCrossCulturalCoherenceChecker::test_empty_input_handling PASSED
tests/unit/test_cultural_validation/test_cross_cultural_coherence.py::TestCrossCulturalCoherenceChecker::test_framework_imposition_detection PASSED
tests/unit/test_cultural_validation/test_cross_cultural_coherence.py::TestCrossCulturalCoherenceChecker::test_imposition_severity_assessment PASSED
tests/unit/test_cultural_validation/test_cross_cultural_coherence.py::TestCrossCulturalCoherenceChecker::test_inappropriate_comparison_detection PASSED
tests/unit/test_cultural_validation/test_cross_cultural_coherence.py::TestCrossCulturalCoherenceChecker::test_knowledge_system_integrity_analysis PASSED
tests/unit/test_cultural_validation/test_cross_cultural_coherence.py::TestCrossCulturalCoherenceChecker::test_knowledge_systems_recognition PASSED
tests/unit/test_cultural_validation/test_cross_cultural_coherence.py::TestCrossCulturalCoherenceChecker::test_overall_assessment_generation PASSED
tests/unit/test_cultural_validation/test_cross_cultural_coherence.py::TestCrossCulturalCoherenceChecker::test_thresholds_access PASSED
tests/unit/test_cultural_validation/test_cross_cultural_coherence.py::TestCrossCulturalCoherenceChecker::test_translation_quality_assessment PASSED
tests/unit/test_cultural_validation/test_cross_cultural_coherence.py::TestCrossCulturalCoherenceEdgeCases::test_academic_comparative_analysis PASSED
tests/unit/test_cultural_validation/test_cross_cultural_coherence.py::TestCrossCulturalCoherenceEdgeCases::test_collaborative_research_discussion PASSED
tests/unit/test_cultural_validation/test_cross_cultural_coherence.py::TestCrossCulturalCoherenceEdgeCases::test_mixed_quality_response PASSED
tests/unit/test_cultural_validation/test_cross_cultural_coherence.py::TestCrossCulturalCoherenceEdgeCases::test_translation_nuance_discussion PASSED
tests/unit/test_cultural_validation/test_cultural_authenticity.py::TestCulturalAuthenticityAnalyzer::test_analyzer_initialization PASSED
tests/unit/test_cultural_validation/test_cultural_authenticity.py::TestCulturalAuthenticityAnalyzer::test_appropriation_marker_detection PASSED
tests/unit/test_cultural_validation/test_cultural_authenticity.py::TestCulturalAuthenticityAnalyzer::test_authenticity_score_bounds PASSED
tests/unit/test_cultural_validation/test_cultural_authenticity.py::TestCulturalAuthenticityAnalyzer::test_bias_indicator_detection PASSED
tests/unit/test_cultural_validation/test_cultural_authenticity.py::TestCulturalAuthenticityAnalyzer::test_cultural_context_integration PASSED
tests/unit/test_cultural_validation/test_cultural_authenticity.py::TestCulturalAuthenticityAnalyzer::test_cultural_group_recognition PASSED
tests/unit/test_cultural_validation/test_cultural_authenticity.py::TestCulturalAuthenticityAnalyzer::test_cultural_sensitivity_analysis PASSED
tests/unit/test_cultural_validation/test_cultural_authenticity.py::TestCulturalAuthenticityAnalyzer::test_empty_input_handling PASSED
tests/unit/test_cultural_validation/test_cultural_authenticity.py::TestCulturalAuthenticityAnalyzer::test_problematic_response_analysis PASSED
tests/unit/test_cultural_validation/test_cultural_authenticity.py::TestCulturalAuthenticityAnalyzer::test_respectful_language_analysis PASSED
tests/unit/test_cultural_validation/test_cultural_authenticity.py::TestCulturalAuthenticityAnalyzer::test_respectful_response_analysis PASSED
tests/unit/test_cultural_validation/test_cultural_authenticity.py::TestCulturalAuthenticityAnalyzer::test_special_characters_handling PASSED
tests/unit/test_cultural_validation/test_cultural_authenticity.py::TestCulturalAuthenticityAnalyzer::test_stereotype_detection PASSED
tests/unit/test_cultural_validation/test_cultural_authenticity.py::TestCulturalAuthenticityAnalyzer::test_thresholds_access PASSED
tests/unit/test_cultural_validation/test_cultural_authenticity.py::TestCulturalAuthenticityEdgeCases::test_academic_discussion_response PASSED
tests/unit/test_cultural_validation/test_cultural_authenticity.py::TestCulturalAuthenticityEdgeCases::test_comparative_cultural_discussion PASSED
tests/unit/test_cultural_validation/test_cultural_authenticity.py::TestCulturalAuthenticityEdgeCases::test_mixed_quality_response PASSED
tests/unit/test_cultural_validation/test_cultural_authenticity.py::TestCulturalAuthenticityEdgeCases::test_personal_experience_sharing PASSED
tests/unit/test_cultural_validation/test_cultural_authenticity.py::TestCulturalAuthenticityEdgeCases::test_very_long_response PASSED
tests/unit/test_cultural_validation/test_cultural_dataset_validator.py::TestCulturalDatasetValidator::test_dataset_entry_structure PASSED
tests/unit/test_cultural_validation/test_cultural_dataset_validator.py::TestCulturalDatasetValidator::test_validator_initialization PASSED
tests/unit/test_cultural_validation/test_cultural_dataset_validator.py::TestDatasetValidation::test_cultural_validation_process PASSED
tests/unit/test_cultural_validation/test_cultural_dataset_validator.py::TestDatasetValidation::test_dataset_matching_algorithm PASSED
tests/unit/test_cultural_validation/test_cultural_dataset_validator.py::TestDatasetValidation::test_missing_cultural_elements_detection PASSED
tests/unit/test_cultural_validation/test_cultural_dataset_validator.py::TestDatasetConfiguration::test_dataset_info_retrieval PASSED
tests/unit/test_cultural_validation/test_cultural_dataset_validator.py::TestDatasetConfiguration::test_dataset_source_configuration PASSED
tests/unit/test_cultural_validation/test_cultural_dataset_validator.py::TestDatasetConfiguration::test_validation_flag_generation PASSED
tests/unit/test_cultural_validation/test_cultural_dataset_validator.py::TestValidationAccuracy::test_confidence_scoring_ranges PASSED
tests/unit/test_cultural_validation/test_cultural_dataset_validator.py::TestValidationAccuracy::test_validation_consistency PASSED
tests/unit/test_cultural_validation/test_cultural_pattern_library.py::TestCulturalPatternLibrary::test_authenticity_assessment PASSED
tests/unit/test_cultural_validation/test_cultural_pattern_library.py::TestCulturalPatternLibrary::test_check_appropriation_warnings PASSED
tests/unit/test_cultural_validation/test_cultural_pattern_library.py::TestCulturalPatternLibrary::test_check_sacred_boundaries PASSED
tests/unit/test_cultural_validation/test_cultural_pattern_library.py::TestCulturalPatternLibrary::test_cultural_competence_analysis_empty PASSED
tests/unit/test_cultural_validation/test_cultural_pattern_library.py::TestCulturalPatternLibrary::test_cultural_competence_analysis_with_patterns PASSED
tests/unit/test_cultural_validation/test_cultural_pattern_library.py::TestCulturalPatternLibrary::test_cultural_pattern_dataclass PASSED
tests/unit/test_cultural_validation/test_cultural_pattern_library.py::TestCulturalPatternLibrary::test_custom_config_initialization PASSED
tests/unit/test_cultural_validation/test_cultural_pattern_library.py::TestCulturalPatternLibrary::test_detect_dreamtime_landscape_pattern PASSED
tests/unit/test_cultural_validation/test_cultural_pattern_library.py::TestCulturalPatternLibrary::test_detect_griot_call_response_pattern PASSED
tests/unit/test_cultural_validation/test_cultural_pattern_library.py::TestCulturalPatternLibrary::test_detect_kamishibai_visual_pattern PASSED
tests/unit/test_cultural_validation/test_cultural_pattern_library.py::TestCulturalPatternLibrary::test_detect_multiple_traditions PASSED
tests/unit/test_cultural_validation/test_cultural_pattern_library.py::TestCulturalPatternLibrary::test_detect_no_patterns PASSED
tests/unit/test_cultural_validation/test_cultural_pattern_library.py::TestCulturalPatternLibrary::test_dreamtime_patterns_loaded PASSED
tests/unit/test_cultural_validation/test_cultural_pattern_library.py::TestCulturalPatternLibrary::test_general_patterns_loaded PASSED
tests/unit/test_cultural_validation/test_cultural_pattern_library.py::TestCulturalPatternLibrary::test_get_pattern_by_name PASSED
tests/unit/test_cultural_validation/test_cultural_pattern_library.py::TestCulturalPatternLibrary::test_get_patterns_for_tradition PASSED
tests/unit/test_cultural_validation/test_cultural_pattern_library.py::TestCulturalPatternLibrary::test_get_traditions PASSED
tests/unit/test_cultural_validation/test_cultural_pattern_library.py::TestCulturalPatternLibrary::test_griot_patterns_loaded PASSED
tests/unit/test_cultural_validation/test_cultural_pattern_library.py::TestCulturalPatternLibrary::test_kamishibai_patterns_loaded PASSED
tests/unit/test_cultural_validation/test_cultural_pattern_library.py::TestCulturalPatternLibrary::test_library_initialization PASSED
tests/unit/test_cultural_validation/test_cultural_pattern_library.py::TestCulturalPatternLibrary::test_oral_performance_patterns_loaded PASSED
tests/unit/test_cultural_validation/test_cultural_pattern_library.py::TestCulturalPatternLibrary::test_pattern_confidence_threshold PASSED
tests/unit/test_cultural_validation/test_cultural_pattern_library.py::TestCulturalPatternLibrary::test_pattern_detection_case_insensitive PASSED
tests/unit/test_cultural_validation/test_cultural_pattern_library.py::TestCulturalPatternLibrary::test_pattern_evaluation PASSED
tests/unit/test_cultural_validation/test_cultural_pattern_library.py::TestCulturalPatternLibrary::test_pattern_library_entry_structure PASSED
tests/unit/test_cultural_validation/test_cultural_pattern_library.py::TestCulturalPatternLibrary::test_pattern_type_enum PASSED
tests/unit/test_cultural_validation/test_cultural_pattern_library.py::TestCulturalPatternLibrary::test_tradition_pattern_indexing PASSED
tests/unit/test_cultural_validation/test_integrated_validation_system.py::TestIntegratedValidationSystem::test_integrated_validation_config Error loading community flags: Expecting value: line 24 column 7 (char 563)
PASSED
tests/unit/test_cultural_validation/test_integrated_validation_system.py::TestIntegratedValidationSystem::test_validation_system_initialization Error loading community flags: Expecting value: line 24 column 7 (char 563)
Error loading community flags: Expecting value: line 24 column 7 (char 563)
Error loading community flags: Expecting value: line 24 column 7 (char 563)
PASSED
tests/unit/test_cultural_validation/test_integrated_validation_system.py::TestSystemCoordination::test_component_orchestration Error loading community flags: Expecting value: line 24 column 7 (char 563)
PASSED
tests/unit/test_cultural_validation/test_integrated_validation_system.py::TestSystemCoordination::test_comprehensive_validation_result_structure Error loading community flags: Expecting value: line 24 column 7 (char 563)
PASSED
tests/unit/test_cultural_validation/test_integrated_validation_system.py::TestSystemCoordination::test_validation_pipeline_coordination Error loading community flags: Expecting value: line 24 column 7 (char 563)
Error loading community flags: Expecting value: line 24 column 7 (char 563)
PASSED
tests/unit/test_cultural_validation/test_integrated_validation_system.py::TestValidationPipelineIntegration::test_component_configuration_propagation Error loading community flags: Expecting value: line 24 column 7 (char 563)
PASSED
tests/unit/test_cultural_validation/test_integrated_validation_system.py::TestValidationPipelineIntegration::test_pipeline_workflow_exists Error loading community flags: Expecting value: line 24 column 7 (char 563)
PASSED
tests/unit/test_cultural_validation/test_integrated_validation_system.py::TestComprehensiveReporting::test_processing_metadata_tracking Error loading community flags: Expecting value: line 24 column 7 (char 563)
PASSED
tests/unit/test_cultural_validation/test_integrated_validation_system.py::TestComprehensiveReporting::test_recommendation_generation Error loading community flags: Expecting value: line 24 column 7 (char 563)
PASSED
tests/unit/test_cultural_validation/test_integrated_validation_system.py::TestComprehensiveReporting::test_validation_summary_generation Error loading community flags: Expecting value: line 24 column 7 (char 563)
PASSED
tests/unit/test_cultural_validation/test_integrated_validation_system.py::TestConfigurationManagement::test_component_specific_configuration PASSED
tests/unit/test_cultural_validation/test_integrated_validation_system.py::TestConfigurationManagement::test_configuration_validation Error loading community flags: Expecting value: line 24 column 7 (char 563)
Error loading community flags: Expecting value: line 24 column 7 (char 563)
PASSED
tests/unit/test_cultural_validation/test_knowledge_validator.py::TestKnowledgeValidator::test_confidence_calibration_analysis PASSED
tests/unit/test_cultural_validation/test_knowledge_validator.py::TestKnowledgeValidator::test_confidence_calibration_assessment PASSED
tests/unit/test_cultural_validation/test_knowledge_validator.py::TestKnowledgeValidator::test_confidence_markers_detection PASSED
tests/unit/test_cultural_validation/test_knowledge_validator.py::TestKnowledgeValidator::test_confidence_score_calculation PASSED
tests/unit/test_cultural_validation/test_knowledge_validator.py::TestKnowledgeValidator::test_consistency_test_variations PASSED
tests/unit/test_cultural_validation/test_knowledge_validator.py::TestKnowledgeValidator::test_edge_cases_empty_responses PASSED
tests/unit/test_cultural_validation/test_knowledge_validator.py::TestKnowledgeValidator::test_embedding_consistency_calculation PASSED
tests/unit/test_cultural_validation/test_knowledge_validator.py::TestKnowledgeValidator::test_factual_accuracy_calculation PASSED
tests/unit/test_cultural_validation/test_knowledge_validator.py::TestKnowledgeValidator::test_factual_indicators_analysis PASSED
tests/unit/test_cultural_validation/test_knowledge_validator.py::TestKnowledgeValidator::test_factual_test_database PASSED
tests/unit/test_cultural_validation/test_knowledge_validator.py::TestKnowledgeValidator::test_fallback_methods PASSED
tests/unit/test_cultural_validation/test_knowledge_validator.py::TestKnowledgeValidator::test_incorrect_response_validation PASSED
tests/unit/test_cultural_validation/test_knowledge_validator.py::TestKnowledgeValidator::test_initialization PASSED
tests/unit/test_cultural_validation/test_knowledge_validator.py::TestKnowledgeValidator::test_knowledge_assessment_generation PASSED
tests/unit/test_cultural_validation/test_knowledge_validator.py::TestKnowledgeValidator::test_knowledge_consistency_calculation PASSED
tests/unit/test_cultural_validation/test_knowledge_validator.py::TestKnowledgeValidator::test_lexical_consistency_fallback PASSED
tests/unit/test_cultural_validation/test_knowledge_validator.py::TestKnowledgeValidator::test_mock_validation_workflow PASSED
tests/unit/test_cultural_validation/test_knowledge_validator.py::TestKnowledgeValidator::test_multiple_expected_tokens PASSED
tests/unit/test_cultural_validation/test_knowledge_validator.py::TestKnowledgeValidator::test_single_response_validation PASSED
tests/unit/test_cultural_validation/test_knowledge_validator.py::TestKnowledgeValidator::test_validation_report_generation PASSED
tests/unit/test_cultural_validation/test_knowledge_validator.py::TestKnowledgeValidatorEdgeCases::test_case_sensitivity PASSED
tests/unit/test_cultural_validation/test_knowledge_validator.py::TestKnowledgeValidatorEdgeCases::test_multilingual_responses PASSED
tests/unit/test_cultural_validation/test_knowledge_validator.py::TestKnowledgeValidatorEdgeCases::test_numeric_precision_handling PASSED
tests/unit/test_cultural_validation/test_knowledge_validator.py::TestKnowledgeValidatorEdgeCases::test_special_characters_in_tokens PASSED
tests/unit/test_cultural_validation/test_knowledge_validator.py::TestKnowledgeValidatorEdgeCases::test_very_long_responses PASSED
tests/unit/test_cultural_validation/test_knowledge_validator.py::TestFactualTestDataQuality::test_category_coverage PASSED
tests/unit/test_cultural_validation/test_knowledge_validator.py::TestFactualTestDataQuality::test_difficulty_levels PASSED
tests/unit/test_cultural_validation/test_knowledge_validator.py::TestFactualTestDataQuality::test_minimum_tests_per_category PASSED
tests/unit/test_cultural_validation/test_knowledge_validator.py::TestFactualTestDataQuality::test_no_overlapping_tokens PASSED
tests/unit/test_cultural_validation/test_knowledge_validator.py::TestFactualTestDataQuality::test_non_empty_token_sets PASSED
tests/unit/test_cultural_validation/test_knowledge_validator.py::TestFactualTestDataQuality::test_question_format_consistency PASSED
tests/unit/test_cultural_validation/test_tradition_validator.py::TestTraditionalKnowledgeValidator::test_commercialization_detection PASSED
tests/unit/test_cultural_validation/test_tradition_validator.py::TestTraditionalKnowledgeValidator::test_community_attribution_assessment PASSED
tests/unit/test_cultural_validation/test_tradition_validator.py::TestTraditionalKnowledgeValidator::test_contextualization_quality_assessment PASSED
tests/unit/test_cultural_validation/test_tradition_validator.py::TestTraditionalKnowledgeValidator::test_decontextualization_detection PASSED
tests/unit/test_cultural_validation/test_tradition_validator.py::TestTraditionalKnowledgeValidator::test_domain_hint_integration PASSED
tests/unit/test_cultural_validation/test_tradition_validator.py::TestTraditionalKnowledgeValidator::test_empty_input_handling PASSED
tests/unit/test_cultural_validation/test_tradition_validator.py::TestTraditionalKnowledgeValidator::test_knowledge_domain_analysis PASSED
tests/unit/test_cultural_validation/test_tradition_validator.py::TestTraditionalKnowledgeValidator::test_living_tradition_recognition PASSED
tests/unit/test_cultural_validation/test_tradition_validator.py::TestTraditionalKnowledgeValidator::test_overall_assessment_generation PASSED
tests/unit/test_cultural_validation/test_tradition_validator.py::TestTraditionalKnowledgeValidator::test_past_tense_only_penalty PASSED
tests/unit/test_cultural_validation/test_tradition_validator.py::TestTraditionalKnowledgeValidator::test_positive_indicators_detection PASSED
tests/unit/test_cultural_validation/test_tradition_validator.py::TestTraditionalKnowledgeValidator::test_respectful_response_validation PASSED
tests/unit/test_cultural_validation/test_tradition_validator.py::TestTraditionalKnowledgeValidator::test_sacred_knowledge_violations PASSED
tests/unit/test_cultural_validation/test_tradition_validator.py::TestTraditionalKnowledgeValidator::test_thresholds_access PASSED
tests/unit/test_cultural_validation/test_tradition_validator.py::TestTraditionalKnowledgeValidator::test_tradition_respect_score_calculation PASSED
tests/unit/test_cultural_validation/test_tradition_validator.py::TestTraditionalKnowledgeValidator::test_validation_bounds PASSED
tests/unit/test_cultural_validation/test_tradition_validator.py::TestTraditionalKnowledgeValidator::test_validator_initialization PASSED
tests/unit/test_cultural_validation/test_tradition_validator.py::TestTraditionalKnowledgeValidatorEdgeCases::test_academic_discussion PASSED
tests/unit/test_cultural_validation/test_tradition_validator.py::TestTraditionalKnowledgeValidatorEdgeCases::test_comparative_knowledge_systems PASSED
tests/unit/test_cultural_validation/test_tradition_validator.py::TestTraditionalKnowledgeValidatorEdgeCases::test_cultural_revitalization_discussion PASSED
tests/unit/test_cultural_validation/test_tradition_validator.py::TestTraditionalKnowledgeValidatorEdgeCases::test_mixed_quality_response PASSED
tests/unit/test_cultural_validation/test_validation_runner.py::TestValidationRunner::test_api_config_structure PASSED
tests/unit/test_cultural_validation/test_validation_runner.py::TestValidationRunner::test_validation_request_structure PASSED
tests/unit/test_cultural_validation/test_validation_runner.py::TestValidationRunner::test_validation_runner_initialization PASSED
tests/unit/test_cultural_validation/test_validation_runner.py::TestValidationOrchestration::test_api_validation_result_structure PASSED
tests/unit/test_cultural_validation/test_validation_runner.py::TestValidationOrchestration::test_multi_model_validation_result_structure PASSED
tests/unit/test_cultural_validation/test_validation_runner.py::TestValidationOrchestration::test_single_api_validation_mock PASSED
tests/unit/test_cultural_validation/test_validation_runner.py::TestConsensusScoring::test_confidence_interval_calculation PASSED
tests/unit/test_cultural_validation/test_validation_runner.py::TestConsensusScoring::test_consensus_calculation_high_agreement PASSED
tests/unit/test_cultural_validation/test_validation_runner.py::TestConsensusScoring::test_consensus_calculation_low_agreement PASSED
tests/unit/test_cultural_validation/test_validation_runner.py::TestAsyncValidationCoordination::test_async_method_exists PASSED
tests/unit/test_cultural_validation/test_validation_runner.py::TestRateLimitingAndErrorHandling::test_api_provider_enum PASSED
tests/unit/test_cultural_validation/test_validation_runner.py::TestRateLimitingAndErrorHandling::test_error_handling_structure PASSED
tests/unit/test_cultural_validation/test_validation_runner.py::TestRateLimitingAndErrorHandling::test_rate_limiting_configuration PASSED
tests/unit/test_cultural_validation/test_validation_runner.py::TestValidationPipelineIntegration::test_pipeline_components PASSED
tests/unit/test_cultural_validation/test_validation_runner.py::TestValidationPipelineIntegration::test_validation_workflow_structure PASSED
tests/unit/test_cultural_validation/test_validation_system_integration.py::TestValidationSystemIntegration::test_component_configuration_consistency Error loading community flags: Expecting value: line 24 column 7 (char 563)
PASSED
tests/unit/test_cultural_validation/test_validation_system_integration.py::TestValidationSystemIntegration::test_comprehensive_validation_workflow Error loading community flags: Expecting value: line 24 column 7 (char 563)
PASSED
tests/unit/test_cultural_validation/test_validation_system_integration.py::TestValidationSystemIntegration::test_cross_component_communication Error loading community flags: Expecting value: line 24 column 7 (char 563)
PASSED
tests/unit/test_cultural_validation/test_validation_system_integration.py::TestValidationSystemIntegration::test_end_to_end_ubuntu_philosophy_validation Error loading community flags: Expecting value: line 24 column 7 (char 563)
PASSED
tests/unit/test_cultural_validation/test_validation_system_integration.py::TestValidationSystemIntegration::test_full_system_initialization Error loading community flags: Expecting value: line 24 column 7 (char 563)
PASSED
tests/unit/test_cultural_validation/test_validation_system_integration.py::TestValidationSystemIntegration::test_system_status_and_health_monitoring Error loading community flags: Expecting value: line 24 column 7 (char 563)
PASSED
tests/unit/test_cultural_validation/test_validation_system_integration.py::TestValidationSystemIntegration::test_ubuntu_cultural_content_validation Error loading community flags: Expecting value: line 24 column 7 (char 563)
Error saving community flags: Object of type Mock is not JSON serializable
PASSED
tests/unit/test_cultural_validation/test_validation_system_integration.py::TestValidationSystemIntegration::test_validation_pipeline_error_handling Error loading community flags: Expecting value: line 39 column 7 (char 992)
PASSED
tests/unit/test_cultural_validation/test_validation_system_integration.py::TestValidationSystemIntegration::test_validation_system_configuration_flexibility Error loading community flags: Expecting value: line 39 column 7 (char 992)
Error loading community flags: Expecting value: line 39 column 7 (char 992)
PASSED
tests/unit/test_cultural_validation/test_validation_system_integration.py::TestValidationSystemIntegration::test_validation_system_scalability Error loading community flags: Expecting value: line 39 column 7 (char 992)
PASSED
tests/unit/test_evaluator/test_creativity_evaluator.py::TestCreativityEvaluator::test_analyze_dialogue_quality PASSED
tests/unit/test_evaluator/test_creativity_evaluator.py::TestCreativityEvaluator::test_analyze_repetition_patterns PASSED
tests/unit/test_evaluator/test_creativity_evaluator.py::TestCreativityEvaluator::test_collaborative_creation_evaluation PASSED
tests/unit/test_evaluator/test_creativity_evaluator.py::TestCreativityEvaluator::test_collaborative_creation_individual_text PASSED
tests/unit/test_evaluator/test_creativity_evaluator.py::TestCreativityEvaluator::test_cultural_creative_patterns_appropriation PASSED
tests/unit/test_evaluator/test_creativity_evaluator.py::TestCreativityEvaluator::test_cultural_creative_patterns_empty_context PASSED
tests/unit/test_evaluator/test_creativity_evaluator.py::TestCreativityEvaluator::test_cultural_creative_patterns_evaluation PASSED
tests/unit/test_evaluator/test_creativity_evaluator.py::TestCreativityEvaluator::test_edge_cases PASSED
tests/unit/test_evaluator/test_creativity_evaluator.py::TestCreativityEvaluator::test_evaluate_dimension_dispatch PASSED
tests/unit/test_evaluator/test_creativity_evaluator.py::TestCreativityEvaluator::test_evaluate_dimension_unknown PASSED
tests/unit/test_evaluator/test_creativity_evaluator.py::TestCreativityEvaluator::test_evaluation_with_different_contexts PASSED
tests/unit/test_evaluator/test_creativity_evaluator.py::TestCreativityEvaluator::test_evaluator_initialization PASSED
tests/unit/test_evaluator/test_creativity_evaluator.py::TestCreativityEvaluator::test_full_evaluation_integration PASSED
tests/unit/test_evaluator/test_creativity_evaluator.py::TestCreativityEvaluator::test_narrative_coherence_evaluation PASSED
tests/unit/test_evaluator/test_creativity_evaluator.py::TestCreativityEvaluator::test_narrative_coherence_simple_story PASSED
tests/unit/test_evaluator/test_creativity_evaluator.py::TestCreativityEvaluator::test_originality_boundary_violations PASSED
tests/unit/test_evaluator/test_creativity_evaluator.py::TestCreativityEvaluator::test_originality_within_bounds_evaluation PASSED
tests/unit/test_evaluator/test_creativity_evaluator.py::TestCreativityEvaluator::test_performance_quality_evaluation PASSED
tests/unit/test_evaluator/test_creativity_evaluator.py::TestCreativityEvaluator::test_performance_quality_no_performance_context PASSED
tests/unit/test_evaluator/test_creativity_evaluator.py::TestCreativityEvaluator::test_rhythmic_quality_evaluation PASSED
tests/unit/test_evaluator/test_creativity_evaluator.py::TestCreativityEvaluator::test_rhythmic_quality_performance_context PASSED
tests/unit/test_evaluator/test_creativity_evaluator.py::TestCreativityEvaluator::test_score_boundaries PASSED
tests/unit/test_evaluator/test_creativity_evaluator.py::TestCreativityEvaluator::test_supported_evaluation_types PASSED
tests/unit/test_evaluator/test_creativity_evaluator.py::TestCreativityEvaluatorConfiguration::test_custom_configuration PASSED
tests/unit/test_evaluator/test_creativity_evaluator.py::TestCreativityEvaluatorConfiguration::test_pattern_library_integration PASSED
tests/unit/test_evaluator/test_domain_evaluation_router.py::TestDomainMetadataExtractor::test_extract_cultural_context_knowledge_systems PASSED
tests/unit/test_evaluator/test_domain_evaluation_router.py::TestDomainMetadataExtractor::test_extract_cultural_context_multiple_traditions PASSED
tests/unit/test_evaluator/test_domain_evaluation_router.py::TestDomainMetadataExtractor::test_extract_cultural_context_performance_aspects PASSED
tests/unit/test_evaluator/test_domain_evaluation_router.py::TestDomainMetadataExtractor::test_extract_cultural_context_traditions PASSED
tests/unit/test_evaluator/test_domain_evaluation_router.py::TestDomainMetadataExtractor::test_extract_domain_direct_specification PASSED
tests/unit/test_evaluator/test_domain_evaluation_router.py::TestDomainMetadataExtractor::test_extract_domain_from_content PASSED
tests/unit/test_evaluator/test_domain_evaluation_router.py::TestDomainMetadataExtractor::test_extract_domain_no_match PASSED
tests/unit/test_evaluator/test_domain_evaluation_router.py::TestDomainMetadataExtractor::test_extract_evaluation_type_default_mapping PASSED
tests/unit/test_evaluator/test_domain_evaluation_router.py::TestDomainMetadataExtractor::test_extract_evaluation_type_from_content PASSED
tests/unit/test_evaluator/test_domain_evaluation_router.py::TestDomainMetadataExtractor::test_init_domain_patterns PASSED
tests/unit/test_evaluator/test_domain_evaluation_router.py::TestDomainEvaluationRouter::test_generate_recommendations_cultural PASSED
tests/unit/test_evaluator/test_domain_evaluation_router.py::TestDomainEvaluationRouter::test_generate_recommendations_domain_specific PASSED
tests/unit/test_evaluator/test_domain_evaluation_router.py::TestDomainEvaluationRouter::test_get_creative_evaluator_import_error PASSED
tests/unit/test_evaluator/test_domain_evaluation_router.py::TestDomainEvaluationRouter::test_get_creative_evaluator_success PASSED
tests/unit/test_evaluator/test_domain_evaluation_router.py::TestDomainEvaluationRouter::test_get_domain_weight PASSED
tests/unit/test_evaluator/test_domain_evaluation_router.py::TestDomainEvaluationRouter::test_identify_improvements PASSED
tests/unit/test_evaluator/test_domain_evaluation_router.py::TestDomainEvaluationRouter::test_identify_strengths PASSED
tests/unit/test_evaluator/test_domain_evaluation_router.py::TestDomainEvaluationRouter::test_integrate_domain_results_empty PASSED
tests/unit/test_evaluator/test_domain_evaluation_router.py::TestDomainEvaluationRouter::test_integrate_domain_results_multiple PASSED
tests/unit/test_evaluator/test_domain_evaluation_router.py::TestDomainEvaluationRouter::test_integrate_domain_results_single PASSED
tests/unit/test_evaluator/test_domain_evaluation_router.py::TestDomainEvaluationRouter::test_route_evaluation_creative PASSED
tests/unit/test_evaluator/test_domain_evaluation_router.py::TestDomainEvaluationRouter::test_route_evaluation_cultural_import_error PASSED
tests/unit/test_evaluator/test_domain_evaluation_router.py::TestDomainEvaluationRouter::test_route_evaluation_default_domain PASSED
tests/unit/test_evaluator/test_domain_evaluation_router.py::TestDomainEvaluationRouter::test_route_evaluation_integration PASSED
tests/unit/test_evaluator/test_domain_evaluation_router.py::TestDomainEvaluationRouter::test_route_evaluation_no_evaluator_available PASSED
tests/unit/test_evaluator/test_domain_evaluation_router.py::TestDomainEvaluationRouter::test_route_evaluation_with_cultural_analysis PASSED
tests/unit/test_evaluator/test_domain_evaluation_router.py::TestDomainEvaluationRouter::test_router_initialization PASSED
tests/unit/test_evaluator/test_ensemble_disagreement_detector.py::TestEnsembleDisagreementDetector::test_detector_initialization PASSED
tests/unit/test_evaluator/test_ensemble_disagreement_detector.py::TestEnsembleDisagreementDetector::test_evaluation_strategy_configurations PASSED
tests/unit/test_evaluator/test_ensemble_disagreement_detector.py::TestDisagreementAnalysisAlgorithms::test_coefficient_of_variation_calculations PASSED
tests/unit/test_evaluator/test_ensemble_disagreement_detector.py::TestDisagreementAnalysisAlgorithms::test_consensus_calculation_with_different_agreement_patterns PASSED
tests/unit/test_evaluator/test_ensemble_disagreement_detector.py::TestDisagreementAnalysisAlgorithms::test_dimension_disagreement_calculations PASSED
tests/unit/test_evaluator/test_ensemble_disagreement_detector.py::TestDisagreementAnalysisAlgorithms::test_reliability_scoring_algorithm PASSED
tests/unit/test_evaluator/test_ensemble_disagreement_detector.py::TestDisagreementAnalysisAlgorithms::test_strategy_outlier_detection_with_z_scores PASSED
tests/unit/test_evaluator/test_ensemble_disagreement_detector.py::TestStrategyModificationLogic::test_confidence_threshold_application PASSED
tests/unit/test_evaluator/test_ensemble_disagreement_detector.py::TestStrategyModificationLogic::test_cultural_emphasis_application PASSED
tests/unit/test_evaluator/test_ensemble_disagreement_detector.py::TestStrategyModificationLogic::test_overall_score_recalculation PASSED
tests/unit/test_evaluator/test_ensemble_disagreement_detector.py::TestStrategyModificationLogic::test_scoring_bias_application PASSED
tests/unit/test_evaluator/test_ensemble_disagreement_detector.py::TestStrategyModificationLogic::test_weighted_scoring_application PASSED
tests/unit/test_evaluator/test_ensemble_disagreement_detector.py::TestConsensusResultCreation::test_consensus_dimension_creation PASSED
tests/unit/test_evaluator/test_ensemble_disagreement_detector.py::TestConsensusResultCreation::test_consensus_result_metadata_aggregation PASSED
tests/unit/test_evaluator/test_ensemble_disagreement_detector.py::TestEdgeCasesAndErrorHandling::test_empty_ensemble_result_handling PASSED
tests/unit/test_evaluator/test_ensemble_disagreement_detector.py::TestEdgeCasesAndErrorHandling::test_extreme_disagreement_handling PASSED
tests/unit/test_evaluator/test_ensemble_disagreement_detector.py::TestEdgeCasesAndErrorHandling::test_identical_scores_handling PASSED
tests/unit/test_evaluator/test_ensemble_disagreement_detector.py::TestEdgeCasesAndErrorHandling::test_single_strategy_result_handling PASSED
tests/unit/test_evaluator/test_evaluation_aggregator.py::TestEvaluationAggregator::test_aggregate_dimension_scores PASSED
tests/unit/test_evaluator/test_evaluation_aggregator.py::TestEvaluationAggregator::test_aggregate_results_with_empty_list PASSED
tests/unit/test_evaluator/test_evaluation_aggregator.py::TestEvaluationAggregator::test_aggregate_results_with_valid_data PASSED
tests/unit/test_evaluator/test_evaluation_aggregator.py::TestEvaluationAggregator::test_aggregator_initialization PASSED
tests/unit/test_evaluator/test_evaluation_aggregator.py::TestEvaluationAggregator::test_analyze_dimension_consensus PASSED
tests/unit/test_evaluator/test_evaluation_aggregator.py::TestEvaluationAggregator::test_calculate_consensus_multiple_results PASSED
tests/unit/test_evaluator/test_evaluation_aggregator.py::TestEvaluationAggregator::test_calculate_consensus_single_result PASSED
tests/unit/test_evaluator/test_evaluation_aggregator.py::TestEvaluationAggregator::test_calculate_coverage_empty_results PASSED
tests/unit/test_evaluator/test_evaluation_aggregator.py::TestEvaluationAggregator::test_calculate_coverage_with_expected_domains PASSED
tests/unit/test_evaluator/test_evaluation_aggregator.py::TestEvaluationAggregator::test_calculate_coverage_without_expected_domains PASSED
tests/unit/test_evaluator/test_evaluation_aggregator.py::TestEvaluationAggregator::test_calculate_cultural_competence PASSED
tests/unit/test_evaluator/test_evaluation_aggregator.py::TestEvaluationAggregator::test_calculate_overall_score PASSED
tests/unit/test_evaluator/test_evaluation_aggregator.py::TestEvaluationAggregator::test_calculate_overall_score_empty_results PASSED
tests/unit/test_evaluator/test_evaluation_aggregator.py::TestEvaluationAggregator::test_collect_cultural_markers PASSED
tests/unit/test_evaluator/test_evaluation_aggregator.py::TestEvaluationAggregator::test_consensus_with_identical_scores PASSED
tests/unit/test_evaluator/test_evaluation_aggregator.py::TestEvaluationAggregator::test_create_empty_result PASSED
tests/unit/test_evaluator/test_evaluation_aggregator.py::TestEvaluationAggregator::test_generate_metadata PASSED
tests/unit/test_evaluator/test_evaluation_aggregator.py::TestEvaluationAggregator::test_generate_processing_notes PASSED
tests/unit/test_evaluator/test_evaluation_aggregator.py::TestEvaluationAggregator::test_get_consensus_report PASSED
tests/unit/test_evaluator/test_evaluation_aggregator.py::TestEvaluationAggregator::test_outlier_detection PASSED
tests/unit/test_evaluator/test_evaluation_aggregator.py::TestEvaluationAggregator::test_weighted_dimension_aggregation PASSED
tests/unit/test_evaluator/test_evaluation_aggregator.py::TestStatisticalFunctionAccuracy::test_chi_square_bias_detection_accuracy PASSED
tests/unit/test_evaluator/test_evaluation_aggregator.py::TestStatisticalFunctionAccuracy::test_cohens_d_effect_size_calculations PASSED
tests/unit/test_evaluator/test_evaluation_aggregator.py::TestStatisticalFunctionAccuracy::test_confidence_interval_calculations PASSED
tests/unit/test_evaluator/test_evaluation_aggregator.py::TestStatisticalFunctionAccuracy::test_cultural_group_bias_scoring_algorithm PASSED
tests/unit/test_evaluator/test_evaluation_aggregator.py::TestStatisticalFunctionAccuracy::test_linear_regression_trend_detection PASSED
tests/unit/test_evaluator/test_evaluation_aggregator.py::TestStatisticalFunctionAccuracy::test_weighted_dimension_aggregation_mathematical_accuracy PASSED
tests/unit/test_evaluator/test_evaluation_aggregator.py::TestStatisticalEdgeCases::test_empty_dataset_handling PASSED
tests/unit/test_evaluator/test_evaluation_aggregator.py::TestStatisticalEdgeCases::test_extreme_outlier_handling PASSED
tests/unit/test_evaluator/test_evaluation_aggregator.py::TestStatisticalEdgeCases::test_single_value_datasets PASSED
tests/unit/test_evaluator/test_evaluation_aggregator.py::TestStatisticalEdgeCases::test_very_small_and_large_numbers PASSED
tests/unit/test_evaluator/test_evaluation_aggregator.py::TestStatisticalEdgeCases::test_zero_standard_deviation_handling PASSED
tests/unit/test_evaluator/test_evaluation_aggregator.py::TestBiasAnalysisIntegration::test_bias_flag_generation_logic PASSED
tests/unit/test_evaluator/test_evaluation_aggregator.py::TestBiasAnalysisIntegration::test_complete_bias_analysis_workflow PASSED
tests/unit/test_evaluator/test_evaluation_config.py::TestScoreThresholds::test_score_threshold_values PASSED
tests/unit/test_evaluator/test_evaluation_config.py::TestUniversalWeights::test_universal_weight_values PASSED
tests/unit/test_evaluator/test_evaluation_config.py::TestUniversalWeights::test_universal_weights_sum_to_one PASSED
tests/unit/test_evaluator/test_evaluation_config.py::TestDefaultConfig::test_advanced_analysis_structure PASSED
tests/unit/test_evaluator/test_evaluation_config.py::TestDefaultConfig::test_cultural_evaluation_structure PASSED
tests/unit/test_evaluator/test_evaluation_config.py::TestDefaultConfig::test_default_config_structure PASSED
tests/unit/test_evaluator/test_evaluation_config.py::TestDefaultConfig::test_domain_evaluation_config_structure PASSED
tests/unit/test_evaluator/test_evaluation_config.py::TestDefaultConfig::test_domain_patterns_structure PASSED
tests/unit/test_evaluator/test_evaluation_config.py::TestDefaultConfig::test_linguistic_patterns_structure PASSED
tests/unit/test_evaluator/test_evaluation_config.py::TestDefaultConfig::test_model_profiles_structure PASSED
tests/unit/test_evaluator/test_evaluation_config.py::TestDefaultConfig::test_reasoning_type_configs_structure PASSED
tests/unit/test_evaluator/test_evaluation_config.py::TestDefaultConfig::test_test_type_configs_structure PASSED
tests/unit/test_evaluator/test_evaluation_config.py::TestDefaultConfig::test_thresholds_structure PASSED
tests/unit/test_evaluator/test_evaluation_config.py::TestDefaultConfig::test_weights_structure PASSED
tests/unit/test_evaluator/test_evaluation_config.py::TestSpecializedConfigs::test_detailed_config_structure PASSED
tests/unit/test_evaluator/test_evaluation_config.py::TestSpecializedConfigs::test_fast_config_structure PASSED
tests/unit/test_evaluator/test_evaluation_config.py::TestSpecializedConfigs::test_reasoning_type_presets PASSED
tests/unit/test_evaluator/test_evaluation_config.py::TestConfigurationConsistency::test_bonus_multipliers_valid PASSED
tests/unit/test_evaluator/test_evaluation_config.py::TestConfigurationConsistency::test_cultural_thresholds_ordering PASSED
tests/unit/test_evaluator/test_evaluation_config.py::TestConfigurationConsistency::test_enabled_flags_are_boolean PASSED
tests/unit/test_evaluator/test_evaluation_config.py::TestConfigurationConsistency::test_model_profile_baselines_valid PASSED
tests/unit/test_evaluator/test_evaluation_config.py::TestConfigurationConsistency::test_pattern_lists_non_empty PASSED
tests/unit/test_evaluator/test_evaluation_config.py::TestConfigurationConsistency::test_score_ranges_valid PASSED
tests/unit/test_evaluator/test_evaluation_config.py::TestConfigurationConsistency::test_threshold_ordering PASSED
tests/unit/test_evaluator/test_evaluation_config.py::TestConfigurationConsistency::test_weight_consistency_across_configs PASSED
tests/unit/test_evaluator/test_evaluation_config.py::TestConfigurationValues::test_coherence_failure_penalties PASSED
tests/unit/test_evaluator/test_evaluation_config.py::TestConfigurationValues::test_context_limits_reasonable PASSED
tests/unit/test_evaluator/test_evaluation_config.py::TestConfigurationValues::test_domain_dimension_completeness PASSED
tests/unit/test_evaluator/test_evaluation_config.py::TestConfigurationValues::test_temperature_ranges_valid PASSED
tests/unit/test_evaluator/test_integration_evaluator.py::TestIntegrationEvaluator::test_analyze_cross_domain_coherence PASSED
tests/unit/test_evaluator/test_integration_evaluator.py::TestIntegrationEvaluator::test_analyze_cross_domain_coherence_no_domains PASSED
tests/unit/test_evaluator/test_integration_evaluator.py::TestIntegrationEvaluator::test_creative_appropriateness_evaluation_creative_expected PASSED
tests/unit/test_evaluator/test_integration_evaluator.py::TestIntegrationEvaluator::test_creative_appropriateness_not_expected PASSED
tests/unit/test_evaluator/test_integration_evaluator.py::TestIntegrationEvaluator::test_cross_domain_coherence_dataclass PASSED
tests/unit/test_evaluator/test_integration_evaluator.py::TestIntegrationEvaluator::test_cross_domain_coherence_evaluation PASSED
tests/unit/test_evaluator/test_integration_evaluator.py::TestIntegrationEvaluator::test_cross_domain_coherence_poor_integration PASSED
tests/unit/test_evaluator/test_integration_evaluator.py::TestIntegrationEvaluator::test_cultural_authenticity_empty_context PASSED
tests/unit/test_evaluator/test_integration_evaluator.py::TestIntegrationEvaluator::test_cultural_authenticity_integration_evaluation PASSED
tests/unit/test_evaluator/test_integration_evaluator.py::TestIntegrationEvaluator::test_edge_cases PASSED
tests/unit/test_evaluator/test_integration_evaluator.py::TestIntegrationEvaluator::test_evaluate_dimension_dispatch PASSED
tests/unit/test_evaluator/test_integration_evaluator.py::TestIntegrationEvaluator::test_evaluate_dimension_unknown PASSED
tests/unit/test_evaluator/test_integration_evaluator.py::TestIntegrationEvaluator::test_evaluation_different_integration_types PASSED
tests/unit/test_evaluator/test_integration_evaluator.py::TestIntegrationEvaluator::test_evaluation_with_different_contexts PASSED
tests/unit/test_evaluator/test_integration_evaluator.py::TestIntegrationEvaluator::test_evaluator_initialization PASSED
tests/unit/test_evaluator/test_integration_evaluator.py::TestIntegrationEvaluator::test_full_evaluation_integration PASSED
tests/unit/test_evaluator/test_integration_evaluator.py::TestIntegrationEvaluator::test_integration_type_enum PASSED
tests/unit/test_evaluator/test_integration_evaluator.py::TestIntegrationEvaluator::test_logical_consistency_evaluation PASSED
tests/unit/test_evaluator/test_integration_evaluator.py::TestIntegrationEvaluator::test_logical_consistency_poor_reasoning PASSED
tests/unit/test_evaluator/test_integration_evaluator.py::TestIntegrationEvaluator::test_score_boundaries PASSED
tests/unit/test_evaluator/test_integration_evaluator.py::TestIntegrationEvaluator::test_social_awareness_integration_evaluation PASSED
tests/unit/test_evaluator/test_integration_evaluator.py::TestIntegrationEvaluator::test_social_awareness_poor_social_content PASSED
tests/unit/test_evaluator/test_integration_evaluator.py::TestIntegrationEvaluator::test_supported_evaluation_types PASSED
tests/unit/test_evaluator/test_integration_evaluator.py::TestIntegrationEvaluator::test_synthesis_quality_evaluation PASSED
tests/unit/test_evaluator/test_integration_evaluator.py::TestIntegrationEvaluator::test_synthesis_quality_poor_synthesis PASSED
tests/unit/test_evaluator/test_integration_evaluator.py::TestIntegrationEvaluatorConfiguration::test_creativity_evaluator_integration PASSED
tests/unit/test_evaluator/test_integration_evaluator.py::TestIntegrationEvaluatorConfiguration::test_custom_configuration PASSED
tests/unit/test_evaluator/test_integration_evaluator.py::TestIntegrationEvaluatorConfiguration::test_pattern_library_integration PASSED
tests/unit/test_evaluator/test_integration_evaluator.py::TestIntegrationEvaluatorPatternMatching::test_integration_patterns_detection PASSED
tests/unit/test_evaluator/test_integration_evaluator.py::TestIntegrationEvaluatorPatternMatching::test_integration_quality_indicators PASSED
tests/unit/test_evaluator/test_integration_evaluator.py::TestIntegrationEvaluatorPatternMatching::test_transition_markers_detection PASSED
tests/unit/test_evaluator/test_reasoning_evaluator.py::TestReasoningEvaluator::test_complex_reasoning_response PASSED
tests/unit/test_evaluator/test_reasoning_evaluator.py::TestReasoningEvaluator::test_detailed_analysis_structure PASSED
tests/unit/test_evaluator/test_reasoning_evaluator.py::TestReasoningEvaluator::test_empty_or_invalid_input PASSED
tests/unit/test_evaluator/test_reasoning_evaluator.py::TestReasoningEvaluator::test_evaluate_batch PASSED
tests/unit/test_evaluator/test_reasoning_evaluator.py::TestReasoningEvaluator::test_evaluate_batch_with_types PASSED
tests/unit/test_evaluator/test_reasoning_evaluator.py::TestReasoningEvaluator::test_evaluate_response_auto_detect_type PASSED
tests/unit/test_evaluator/test_reasoning_evaluator.py::TestReasoningEvaluator::test_evaluate_response_basic PASSED
tests/unit/test_evaluator/test_reasoning_evaluator.py::TestReasoningEvaluator::test_evaluate_response_mathematical PASSED
tests/unit/test_evaluator/test_reasoning_evaluator.py::TestReasoningEvaluator::test_evaluate_response_multi_step PASSED
tests/unit/test_evaluator/test_reasoning_evaluator.py::TestReasoningEvaluator::test_evaluate_response_poor_quality PASSED
tests/unit/test_evaluator/test_reasoning_evaluator.py::TestReasoningEvaluator::test_evaluate_response_short_response PASSED
tests/unit/test_evaluator/test_reasoning_evaluator.py::TestReasoningEvaluator::test_evaluate_response_with_category PASSED
tests/unit/test_evaluator/test_reasoning_evaluator.py::TestReasoningEvaluator::test_evaluation_metrics_dataclass PASSED
tests/unit/test_evaluator/test_reasoning_evaluator.py::TestReasoningEvaluator::test_evaluator_initialization PASSED
tests/unit/test_evaluator/test_reasoning_evaluator.py::TestReasoningEvaluator::test_generate_summary_report PASSED
tests/unit/test_evaluator/test_reasoning_evaluator.py::TestReasoningEvaluator::test_metric_score_bounds PASSED
tests/unit/test_evaluator/test_reasoning_evaluator.py::TestReasoningEvaluator::test_reasoning_type_enum PASSED
tests/unit/test_evaluator/test_reasoning_evaluator.py::TestReasoningEvaluator::test_reasoning_type_string_conversion PASSED
tests/unit/test_evaluator/test_reasoning_evaluator.py::TestReasoningEvaluator::test_recommendations_generation PASSED
tests/unit/test_evaluator/test_reasoning_evaluator.py::TestReasoningEvaluator::test_standalone_evaluate_reasoning_function PASSED
tests/unit/test_evaluator/test_reasoning_evaluator.py::TestReasoningEvaluator::test_timestamp_format PASSED
tests/unit/test_evaluator/test_reasoning_evaluator.py::TestReasoningEvaluatorConfiguration::test_config_loading PASSED
tests/unit/test_evaluator/test_reasoning_evaluator.py::TestReasoningEvaluatorConfiguration::test_invalid_config_path PASSED
tests/unit/test_evaluator/test_reasoning_evaluator.py::TestReasoningEvaluatorEdgeCases::test_mixed_content_response PASSED
tests/unit/test_evaluator/test_reasoning_evaluator.py::TestReasoningEvaluatorEdgeCases::test_special_characters_handling PASSED
tests/unit/test_evaluator/test_reasoning_evaluator.py::TestReasoningEvaluatorEdgeCases::test_very_long_response PASSED
tests/unit/test_evaluator/test_universal_evaluator.py::TestEvaluationConfig::test_all_metrics_present_in_test_type_configs PASSED
tests/unit/test_evaluator/test_universal_evaluator.py::TestEvaluationConfig::test_all_universal_metrics_present_in_default PASSED
tests/unit/test_evaluator/test_universal_evaluator.py::TestEvaluationConfig::test_default_config_weights_sum_to_one PASSED
tests/unit/test_evaluator/test_universal_evaluator.py::TestEvaluationConfig::test_test_type_configs_weights_sum_to_one PASSED
tests/unit/test_evaluator/test_universal_evaluator.py::TestEvaluationConfig::test_universal_weights_sum_to_one PASSED
tests/unit/test_evaluator/test_universal_evaluator.py::TestTypeDetection::test_creative_category_detection PASSED
tests/unit/test_evaluator/test_universal_evaluator.py::TestTypeDetection::test_linux_category_detection PASSED
tests/unit/test_evaluator/test_universal_evaluator.py::TestTypeDetection::test_reasoning_category_detection PASSED
tests/unit/test_evaluator/test_universal_evaluator.py::TestMetricCalculations::test_creative_organization_quality PASSED
tests/unit/test_evaluator/test_universal_evaluator.py::TestMetricCalculations::test_linux_technical_accuracy_dangerous_command PASSED
tests/unit/test_evaluator/test_universal_evaluator.py::TestMetricCalculations::test_linux_technical_accuracy_good_command PASSED
tests/unit/test_evaluator/test_universal_evaluator.py::TestMetricCalculations::test_metric_score_bounds PASSED
tests/unit/test_evaluator/test_universal_evaluator.py::TestMetricCalculations::test_reasoning_completeness PASSED
tests/unit/test_evaluator/test_universal_evaluator.py::TestEndToEndIntegration::test_creative_evaluation_pipeline PASSED
tests/unit/test_evaluator/test_universal_evaluator.py::TestEndToEndIntegration::test_linux_evaluation_pipeline PASSED
tests/unit/test_evaluator/test_universal_evaluator.py::TestEndToEndIntegration::test_reasoning_evaluation_pipeline PASSED
tests/unit/test_evaluator/test_universal_evaluator.py::TestEdgeCases::test_empty_response PASSED
tests/unit/test_evaluator/test_universal_evaluator.py::TestEdgeCases::test_none_category_handling PASSED
tests/unit/test_evaluator/test_universal_evaluator.py::TestEdgeCases::test_unknown_category_handling PASSED
tests/unit/test_evaluator/test_universal_evaluator.py::TestEdgeCases::test_very_long_response PASSED
tests/unit/test_evaluator/test_universal_evaluator.py::TestEdgeCases::test_very_short_response PASSED
tests/unit/test_evaluator/test_universal_evaluator.py::TestScoreReasonableness::test_better_linux_scores_higher PASSED
tests/unit/test_evaluator/test_universal_evaluator.py::TestScoreReasonableness::test_better_reasoning_scores_higher PASSED
tests/unit/test_evaluator/test_universal_evaluator.py::TestScoreReasonableness::test_creative_response_appropriateness PASSED
tests/unit/test_evaluator/test_universal_evaluator.py::TestScoreReasonableness::test_different_categories_different_scores PASSED
tests/unit/test_evaluator/test_universal_evaluator.py::TestScoreReasonableness::test_score_consistency PASSED
tests/unit/test_evaluator_integration/test_evaluator_with_all_domain_data.py::TestStatisticalAlgorithmsWithRealDomainData::test_algorithm_consistency_across_domains PASSED
tests/unit/test_evaluator_integration/test_evaluator_with_all_domain_data.py::TestStatisticalAlgorithmsWithRealDomainData::test_bias_detection_across_all_domains PASSED
tests/unit/test_evaluator_integration/test_evaluator_with_all_domain_data.py::TestStatisticalAlgorithmsWithRealDomainData::test_consensus_calculation_with_diverse_content PASSED
tests/unit/test_evaluator_integration/test_evaluator_with_all_domain_data.py::TestStatisticalAlgorithmsWithRealDomainData::test_cultural_authenticity_detection_across_domains PASSED
tests/unit/test_evaluator_integration/test_evaluator_with_all_domain_data.py::TestStatisticalAlgorithmsWithRealDomainData::test_domain_specific_evaluation_patterns PASSED
tests/unit/test_evaluator_integration/test_evaluator_with_all_domain_data.py::TestStatisticalAlgorithmsWithRealDomainData::test_statistical_accuracy_with_real_test_complexity PASSED
tests/unit/test_evaluator_integration/test_evaluator_with_all_domain_data.py::TestRealDomainDataStatisticalValidation::test_comprehensive_statistical_validation PASSED
tests/unit/test_evaluator_integration/test_evaluator_with_all_domain_data.py::TestRealDomainDataStatisticalValidation::test_real_data_coverage_and_quality PASSED
tests/unit/test_scripts_organization/test_script_imports.py::TestScriptImports::test_conversion_scripts_exist PASSED
tests/unit/test_scripts_organization/test_script_imports.py::TestScriptImports::test_core_benchmarking_modules_exist PASSED
tests/unit/test_scripts_organization/test_script_imports.py::TestScriptImports::test_core_calibration_modules_exist PASSED
tests/unit/test_scripts_organization/test_script_imports.py::TestScriptImports::test_init_file_exists PASSED
tests/unit/test_scripts_organization/test_script_imports.py::TestScriptImports::test_optimization_scripts_exist PASSED
tests/unit/test_scripts_organization/test_script_imports.py::TestScriptImports::test_script_categories_complete PASSED
tests/unit/test_scripts_organization/test_script_imports.py::TestScriptImports::test_script_directory_structure PASSED
tests/unit/test_scripts_organization/test_script_imports.py::TestScriptImports::test_validation_scripts_exist PASSED
tests/unit/test_statistical_analysis/test_rhythmic_analyzer.py::TestRhythmicQualityAnalyzer::test_alliteration_analysis PASSED
tests/unit/test_statistical_analysis/test_rhythmic_analyzer.py::TestRhythmicQualityAnalyzer::test_alliteration_insufficient_text PASSED
tests/unit/test_statistical_analysis/test_rhythmic_analyzer.py::TestRhythmicQualityAnalyzer::test_analyzer_initialization PASSED
tests/unit/test_statistical_analysis/test_rhythmic_analyzer.py::TestRhythmicQualityAnalyzer::test_breath_phrasing_analysis PASSED
tests/unit/test_statistical_analysis/test_rhythmic_analyzer.py::TestRhythmicQualityAnalyzer::test_breath_phrasing_with_tradition PASSED
tests/unit/test_statistical_analysis/test_rhythmic_analyzer.py::TestRhythmicQualityAnalyzer::test_cultural_marker_extraction PASSED
tests/unit/test_statistical_analysis/test_rhythmic_analyzer.py::TestRhythmicQualityAnalyzer::test_custom_config_initialization PASSED
tests/unit/test_statistical_analysis/test_rhythmic_analyzer.py::TestRhythmicQualityAnalyzer::test_full_rhythmic_analysis PASSED
tests/unit/test_statistical_analysis/test_rhythmic_analyzer.py::TestRhythmicQualityAnalyzer::test_meter_consistency_analysis PASSED
tests/unit/test_statistical_analysis/test_rhythmic_analyzer.py::TestRhythmicQualityAnalyzer::test_meter_consistency_insufficient_text PASSED
tests/unit/test_statistical_analysis/test_rhythmic_analyzer.py::TestRhythmicQualityAnalyzer::test_meter_consistency_with_tradition PASSED
tests/unit/test_statistical_analysis/test_rhythmic_analyzer.py::TestRhythmicQualityAnalyzer::test_overall_score_calculation PASSED
tests/unit/test_statistical_analysis/test_rhythmic_analyzer.py::TestRhythmicQualityAnalyzer::test_overall_score_with_high_repetition_tradition PASSED
tests/unit/test_statistical_analysis/test_rhythmic_analyzer.py::TestRhythmicQualityAnalyzer::test_repetition_quality_analysis PASSED
tests/unit/test_statistical_analysis/test_rhythmic_analyzer.py::TestRhythmicQualityAnalyzer::test_repetition_quality_no_repetition PASSED
tests/unit/test_statistical_analysis/test_rhythmic_analyzer.py::TestRhythmicQualityAnalyzer::test_repetition_quality_with_tradition PASSED
tests/unit/test_statistical_analysis/test_rhythmic_analyzer.py::TestRhythmicQualityAnalyzer::test_rhythmic_analysis_dreamtime_style PASSED
tests/unit/test_statistical_analysis/test_rhythmic_analyzer.py::TestRhythmicQualityAnalyzer::test_rhythmic_analysis_short_text PASSED
tests/unit/test_statistical_analysis/test_rhythmic_analyzer.py::TestRhythmicQualityAnalyzer::test_rhythmic_traditions_data_structure PASSED
tests/unit/test_statistical_analysis/test_rhythmic_analyzer.py::TestRhythmicQualityAnalyzer::test_stress_pattern_analysis PASSED
tests/unit/test_statistical_analysis/test_rhythmic_analyzer.py::TestRhythmicQualityAnalyzer::test_stress_pattern_insufficient_text PASSED
tests/unit/test_statistical_analysis/test_rhythmic_analyzer.py::TestRhythmicQualityAnalyzer::test_syllable_estimation PASSED
tests/unit/test_statistical_analysis/test_rhythmic_analyzer.py::TestRhythmicQualityAnalyzer::test_syllable_estimation_multiple_words PASSED
tests/unit/test_statistical_analysis/test_statistical_accuracy_validation.py::TestMathematicalCorrectnessValidation::test_chi_square_test_accuracy PASSED
tests/unit/test_statistical_analysis/test_statistical_accuracy_validation.py::TestMathematicalCorrectnessValidation::test_coefficient_of_variation_accuracy PASSED
tests/unit/test_statistical_analysis/test_statistical_accuracy_validation.py::TestMathematicalCorrectnessValidation::test_cohens_d_effect_size_calculation PASSED
tests/unit/test_statistical_analysis/test_statistical_accuracy_validation.py::TestMathematicalCorrectnessValidation::test_linear_regression_calculations PASSED
tests/unit/test_statistical_analysis/test_statistical_accuracy_validation.py::TestMathematicalCorrectnessValidation::test_mean_calculation_accuracy PASSED
tests/unit/test_statistical_analysis/test_statistical_accuracy_validation.py::TestMathematicalCorrectnessValidation::test_numerical_stability_edge_cases PASSED
tests/unit/test_statistical_analysis/test_statistical_accuracy_validation.py::TestMathematicalCorrectnessValidation::test_standard_deviation_accuracy PASSED
tests/unit/test_statistical_analysis/test_statistical_accuracy_validation.py::TestMathematicalCorrectnessValidation::test_t_distribution_confidence_intervals PASSED
tests/unit/test_statistical_analysis/test_statistical_accuracy_validation.py::TestMathematicalCorrectnessValidation::test_variance_calculation_accuracy PASSED
tests/unit/test_statistical_analysis/test_statistical_accuracy_validation.py::TestMathematicalCorrectnessValidation::test_weighted_average_calculations PASSED
tests/unit/test_statistical_analysis/test_statistical_accuracy_validation.py::TestMathematicalCorrectnessValidation::test_z_score_outlier_detection PASSED
tests/unit/test_statistical_analysis/test_statistical_accuracy_validation.py::TestStatisticalInvariantProperties::test_correlation_invariants PASSED
tests/unit/test_statistical_analysis/test_statistical_accuracy_validation.py::TestStatisticalInvariantProperties::test_mean_invariants PASSED
tests/unit/test_statistical_analysis/test_statistical_accuracy_validation.py::TestStatisticalInvariantProperties::test_monotonicity_properties PASSED
tests/unit/test_statistical_analysis/test_statistical_accuracy_validation.py::TestStatisticalInvariantProperties::test_probability_invariants PASSED
tests/unit/test_statistical_analysis/test_statistical_accuracy_validation.py::TestStatisticalInvariantProperties::test_scaling_properties PASSED
tests/unit/test_statistical_analysis/test_statistical_accuracy_validation.py::TestStatisticalInvariantProperties::test_variance_invariants PASSED
tests/integration/integration_cultural_validation/test_consistency_validation_integration.py::TestConsistencyValidationIntegration::test_advanced_analysis_error_handling PASSED
tests/integration/integration_cultural_validation/test_consistency_validation_integration.py::TestConsistencyValidationIntegration::test_backwards_compatibility PASSED
tests/integration/integration_cultural_validation/test_consistency_validation_integration.py::TestConsistencyValidationIntegration::test_basic_evaluation_with_consistency_validation PASSED
tests/integration/integration_cultural_validation/test_consistency_validation_integration.py::TestConsistencyValidationIntegration::test_confidence_miscalibration_detection PASSED
tests/integration/integration_cultural_validation/test_consistency_validation_integration.py::TestConsistencyValidationIntegration::test_configuration_integration PASSED
tests/integration/integration_cultural_validation/test_consistency_validation_integration.py::TestConsistencyValidationIntegration::test_contradictory_response_evaluation PASSED
tests/integration/integration_cultural_validation/test_consistency_validation_integration.py::TestConsistencyValidationIntegration::test_evaluator_initialization_with_validators PASSED
tests/integration/integration_cultural_validation/test_consistency_validation_integration.py::TestConsistencyValidationIntegration::test_high_quality_response_evaluation PASSED
tests/integration/integration_cultural_validation/test_consistency_validation_integration.py::TestConsistencyValidationIntegration::test_mathematical_response_evaluation PASSED
tests/integration/integration_cultural_validation/test_consistency_validation_integration.py::TestConsistencyValidationIntegration::test_metrics_integration_bounds PASSED
tests/integration/integration_cultural_validation/test_consistency_validation_integration.py::TestConsistencyValidationIntegration::test_model_specific_expectations PASSED
tests/integration/integration_cultural_validation/test_consistency_validation_integration.py::TestConsistencyValidationIntegration::test_performance_impact PASSED
tests/integration/integration_cultural_validation/test_consistency_validation_integration.py::TestConsistencyValidationIntegration::test_uncertain_response_evaluation PASSED
tests/integration/integration_cultural_validation/test_consistency_validation_integration.py::TestConsistencyValidationConfig::test_advanced_metrics_scoring PASSED
tests/integration/integration_cultural_validation/test_consistency_validation_integration.py::TestConsistencyValidationConfig::test_config_structure_validity PASSED
tests/integration/integration_cultural_validation/test_consistency_validation_integration.py::TestConsistencyValidationConfig::test_model_profile_completeness PASSED
tests/integration/integration_cultural_validation/test_cultural_evaluation_integration.py::TestCulturalEvaluationIntegration::test_academic_cultural_response_evaluation PASSED
tests/integration/integration_cultural_validation/test_cultural_evaluation_integration.py::TestCulturalEvaluationIntegration::test_backwards_compatibility_with_cultural_metrics PASSED
tests/integration/integration_cultural_validation/test_cultural_evaluation_integration.py::TestCulturalEvaluationIntegration::test_basic_cultural_evaluation PASSED
tests/integration/integration_cultural_validation/test_cultural_evaluation_integration.py::TestCulturalEvaluationIntegration::test_cultural_analysis_error_handling PASSED
tests/integration/integration_cultural_validation/test_cultural_evaluation_integration.py::TestCulturalEvaluationIntegration::test_cultural_configuration_integration PASSED
tests/integration/integration_cultural_validation/test_cultural_evaluation_integration.py::TestCulturalEvaluationIntegration::test_cultural_context_extraction PASSED
tests/integration/integration_cultural_validation/test_cultural_evaluation_integration.py::TestCulturalEvaluationIntegration::test_cultural_metrics_bounds PASSED
tests/integration/integration_cultural_validation/test_cultural_evaluation_integration.py::TestCulturalEvaluationIntegration::test_cultural_model_profiles PASSED
tests/integration/integration_cultural_validation/test_cultural_evaluation_integration.py::TestCulturalEvaluationIntegration::test_cultural_performance_impact PASSED
tests/integration/integration_cultural_validation/test_cultural_evaluation_integration.py::TestCulturalEvaluationIntegration::test_evaluator_initialization_with_cultural_modules PASSED
tests/integration/integration_cultural_validation/test_cultural_evaluation_integration.py::TestCulturalEvaluationIntegration::test_excellent_cultural_response_evaluation PASSED
tests/integration/integration_cultural_validation/test_cultural_evaluation_integration.py::TestCulturalEvaluationIntegration::test_mixed_quality_response_evaluation PASSED
tests/integration/integration_cultural_validation/test_cultural_evaluation_integration.py::TestCulturalEvaluationIntegration::test_problematic_cultural_response_evaluation PASSED
tests/integration/integration_cultural_validation/test_cultural_evaluation_integration.py::TestCulturalEvaluationIntegration::test_sacred_knowledge_violation_detection PASSED
tests/integration/integration_cultural_validation/test_cultural_evaluation_integration.py::TestCulturalEvaluationConfig::test_cultural_config_structure_validity PASSED
tests/integration/integration_cultural_validation/test_cultural_evaluation_integration.py::TestCulturalEvaluationConfig::test_cultural_metrics_scoring PASSED
tests/integration/integration_cultural_validation/test_cultural_evaluation_integration.py::TestCulturalEvaluationConfig::test_cultural_model_profile_completeness PASSED
tests/integration/integration_cultural_validation/test_validation_integration.py::test_basic_integration Skipping integrated validation test for now (import issues to resolve)
PASSED
tests/integration/integration_cultural_validation/test_validation_integration.py::test_individual_components Traceback (most recent call last):
  File "/home/alejandro/workspace/ai-workstation/benchmark_tests/tests/integration/integration_cultural_validation/test_validation_integration.py", line 79, in test_individual_components
    from community_flagging_system import CommunityFlaggingSystem, FlagCategory, FlagSeverity
ModuleNotFoundError: No module named 'community_flagging_system'

Testing Individual Components...
‚úó Individual component testing failed: No module named 'community_flagging_system'
PASSED
tests/integration/integration_evaluator/test_advanced_evaluator_integration.py::TestAdvancedEvaluatorIntegration::test_advanced_analysis_impact_on_recommendations PASSED
tests/integration/integration_evaluator/test_advanced_evaluator_integration.py::TestAdvancedEvaluatorIntegration::test_advanced_metrics_score_integration PASSED
tests/integration/integration_evaluator/test_advanced_evaluator_integration.py::TestAdvancedEvaluatorIntegration::test_comprehensive_advanced_analysis PASSED
tests/integration/integration_evaluator/test_advanced_evaluator_integration.py::TestAdvancedEvaluatorIntegration::test_configuration_integration PASSED
tests/integration/integration_evaluator/test_advanced_evaluator_integration.py::TestAdvancedEvaluatorIntegration::test_context_analysis_integration PASSED
tests/integration/integration_evaluator/test_advanced_evaluator_integration.py::TestAdvancedEvaluatorIntegration::test_cross_module_consistency PASSED
tests/integration/integration_evaluator/test_advanced_evaluator_integration.py::TestAdvancedEvaluatorIntegration::test_entropy_integration_and_validation PASSED
tests/integration/integration_evaluator/test_advanced_evaluator_integration.py::TestAdvancedEvaluatorIntegration::test_error_handling_and_graceful_degradation PASSED
tests/integration/integration_evaluator/test_advanced_evaluator_integration.py::TestAdvancedEvaluatorIntegration::test_model_specific_profile_application PASSED
tests/integration/integration_evaluator/test_advanced_evaluator_integration.py::TestAdvancedEvaluatorIntegration::test_performance_impact_of_advanced_analysis PASSED
tests/integration/integration_evaluator/test_advanced_evaluator_integration.py::TestAdvancedEvaluatorIntegration::test_quantization_analysis_integration PASSED
tests/integration/integration_evaluator/test_advanced_evaluator_integration.py::TestAdvancedEvaluatorIntegration::test_semantic_coherence_integration PASSED
tests/integration/integration_evaluator/test_enhanced_evaluation.py::test_enhanced_evaluator_basic 
==================================================
TEST 1: Basic Enhanced Evaluator Functionality
==================================================
‚úÖ Basic evaluation successful
   Overall Score: 17.00/100
   Reasoning Type: general
   Enhanced Metrics: Using base evaluation metrics
PASSED
tests/integration/integration_evaluator/test_enhanced_evaluation.py::test_enhanced_evaluator_full 
==================================================
TEST 2: Full Enhanced Evaluator with Test Definition
==================================================
‚úÖ Full enhanced evaluation successful
   Overall Score: 14.00/100
   Exact Match Score: 1.00
   Partial Match Score: 1.00
   Semantic Similarity Score: 0.00
   Domain Synthesis Score: 0.00
   Multi-domain Test: True
   Domains Integrated: 2
   Scoring Breakdown Available: Yes
PASSED
tests/integration/integration_evaluator/test_enhanced_evaluation.py::test_backward_compatibility 
==================================================
TEST 3: Backward Compatibility Comparison
==================================================
‚úÖ Backward compatibility test successful
   Basic Evaluator Score: 24.00/100
   Enhanced Evaluator Score: 24.00/100
   Score Difference: 0.00
   Interface Compatibility: ‚úÖ Confirmed
PASSED
tests/integration/integration_evaluator/test_enhanced_evaluation.py::test_reasoning_domain_integration 
==================================================
TEST 4: Integration with Reasoning Domain Test
==================================================
   Using test: Test 1: Japanese Haiku Pattern Completion
‚úÖ Basic enhanced evaluation successful
   Score: 12.00/100
PASSED
tests/integration/integration_evaluator/test_integration_full.py::test_benchmark_runner_help ============================================================
TEST 1: Command-line Help Integration
============================================================
‚úÖ All enhanced evaluation arguments available in help
   Found: [--enhanced-evaluation] [--evaluation-mode {basic,enhanced,full}] [--domain-focus {reasoning,creativity,language,social,integration,knowledge,auto}] [--eval-summary]
          [--verbose] [--quiet] [--discover-suites] [--suite-stats SUITE_STATS] [--filter-by FILTER_BY] [--category-info CATEGORY_INFO] [--reasoning-focus REASONING_FOCUS]
   Found: --enhanced-evaluation
          Enable enhanced evaluation with multi-tier scoring (Phase 1)
PASSED
tests/integration/integration_evaluator/test_integration_full.py::test_basic_evaluation_mode ============================================================
TEST 2: Basic Evaluation Mode
============================================================
‚ùå Basic evaluation dry run failed
Output: [2025-09-02 00:05:27,374] [INFO] [real_accelerator.py:260:get_accelerator] Setting ds_accelerator to cuda (auto detect)
[2025-09-02 00:05:29,885] [INFO] [logging.py:107:log_dist] [Rank -1] [TorchCheckpointEngine] Initialized with serialization = False
BenchmarkTestRunner - Test Execution Engine
==================================================
API Endpoint: http://127.0.0.1:8004/v1/completions
Model: /app/models/hf/DeepSeek-R1-0528-Qwen3-8b
Test Type: base
Mode: single
Evaluation: basic
Loaded 1094 tests from /tmp/tmpy2vd8jja
‚ùå Test ID 'integration_test_01' not found
2025-09-02 00:05:29,930 - datasets - INFO - PyTorch version 2.7.0+cu128 available.
2025-09-02 00:05:30,495 - root - WARNING - KnowledgeValidator not available
2025-09-02 00:05:30,508 - __main__ - INFO - BenchmarkTestRunner initialized
2025-09-02 00:05:30,518 - __main__ - INFO - API configured: http://127.0.0.1:8004/v1/completions (completions)

PASSED
tests/integration/integration_evaluator/test_integration_full.py::test_enhanced_evaluation_mode ============================================================
TEST 3: Enhanced Evaluation Mode
============================================================
‚ùå Enhanced evaluation dry run failed
Output: [2025-09-02 00:05:36,846] [INFO] [real_accelerator.py:260:get_accelerator] Setting ds_accelerator to cuda (auto detect)
[2025-09-02 00:05:39,442] [INFO] [logging.py:107:log_dist] [Rank -1] [TorchCheckpointEngine] Initialized with serialization = False
BenchmarkTestRunner - Test Execution Engine
==================================================
API Endpoint: http://127.0.0.1:8004/v1/completions
Model: /app/models/hf/DeepSeek-R1-0528-Qwen3-8b
Test Type: base
Mode: single
Evaluation: enhanced (full)
Domain Focus: reasoning
Loaded 1094 tests from /tmp/tmp6agybkf1
‚ùå Test ID 'integration_test_01' not found
2025-09-02 00:05:39,487 - datasets - INFO - PyTorch version 2.7.0+cu128 available.
2025-09-02 00:05:40,059 - root - WARNING - KnowledgeValidator not available
2025-09-02 00:05:40,071 - __main__ - INFO - BenchmarkTestRunner initialized
2025-09-02 00:05:40,081 - __main__ - INFO - API configured: http://127.0.0.1:8004/v1/completions (completions)

PASSED
tests/integration/integration_evaluator/test_integration_full.py::test_evaluation_modes_comparison ============================================================
TEST 4: Evaluation Modes Comparison
============================================================
‚úÖ Successful evaluation modes: 0/3
   ‚ùå basic: [2025-09-02 00:05:46,401] [INFO] [real_accelerator.py:260:get_accelerator] Setting ds_accelerator to...
   ‚ùå enhanced-basic: [2025-09-02 00:05:55,939] [INFO] [real_accelerator.py:260:get_accelerator] Setting ds_accelerator to...
   ‚ùå enhanced-full: [2025-09-02 00:06:05,521] [INFO] [real_accelerator.py:260:get_accelerator] Setting ds_accelerator to...
PASSED
tests/integration/integration_evaluator/test_integration_full.py::test_performance_baseline ============================================================
TEST 5: Performance Baseline
============================================================
‚úÖ Performance baseline completed
   Basic evaluation dry run: 9.509s
   Enhanced evaluation dry run: 9.469s
   Performance overhead: -0.4%
PASSED
tests/integration/integration_system/test_domain_aware_evaluation_system.py::TestDomainAwareEvaluationSystem::test_creativity_evaluator_functionality PASSED
tests/integration/integration_system/test_domain_aware_evaluation_system.py::TestDomainAwareEvaluationSystem::test_cross_domain_synthesis_scenarios PASSED
tests/integration/integration_system/test_domain_aware_evaluation_system.py::TestDomainAwareEvaluationSystem::test_cultural_authenticity_integration PASSED
tests/integration/integration_system/test_domain_aware_evaluation_system.py::TestDomainAwareEvaluationSystem::test_cultural_pattern_library_functionality PASSED
tests/integration/integration_system/test_domain_aware_evaluation_system.py::TestDomainAwareEvaluationSystem::test_domain_evaluation_router_integration PASSED
tests/integration/integration_system/test_domain_aware_evaluation_system.py::TestDomainAwareEvaluationSystem::test_domain_metadata_extraction PASSED
tests/integration/integration_system/test_domain_aware_evaluation_system.py::TestDomainAwareEvaluationSystem::test_domain_specific_evaluation_types PASSED
tests/integration/integration_system/test_domain_aware_evaluation_system.py::TestDomainAwareEvaluationSystem::test_integration_evaluator_functionality PASSED
tests/integration/integration_system/test_domain_aware_evaluation_system.py::TestDomainConfigurationAndSettings::test_cultural_pattern_library_configuration PASSED
tests/integration/integration_system/test_domain_aware_evaluation_system.py::TestDomainConfigurationAndSettings::test_domain_configuration_completeness PASSED
tests/integration/integration_system/test_domain_aware_evaluation_system.py::TestDomainConfigurationAndSettings::test_evaluation_framework_settings PASSED
tests/integration/integration_system/test_target_model_evaluation.py::TestTargetModelEvaluation::test_cross_model_consistency PASSED
tests/integration/integration_system/test_target_model_evaluation.py::TestTargetModelEvaluation::test_gpt_oss_20b_tokenization_integration PASSED
tests/integration/integration_system/test_target_model_evaluation.py::TestTargetModelEvaluation::test_model_specific_configuration_application PASSED
tests/integration/integration_system/test_target_model_evaluation.py::TestTargetModelEvaluation::test_performance_with_target_models PASSED
tests/integration/integration_system/test_target_model_evaluation.py::TestTargetModelEvaluation::test_qwen3_30b_tokenization_integration PASSED
tests/integration/integration_system/test_target_model_evaluation.py::TestTargetModelEvaluation::test_tokenizer_fallback_behavior PASSED
tests/integration/integration_system/test_tokenizer_validation.py::TestTokenizerValidation::test_fallback_robustness ‚úì Fallback handling successful for unknown-model-123
‚úì Fallback handling successful for some-future-model
‚úì Fallback handling successful for non-existent/model-path
PASSED
tests/integration/integration_system/test_tokenizer_validation.py::TestTokenizerValidation::test_gpt_oss_20b_context_analyzer ‚úì GPT-OSS-20B context analysis successful
PASSED
tests/integration/integration_system/test_tokenizer_validation.py::TestTokenizerValidation::test_gpt_oss_20b_entropy_calculator ‚úì GPT-OSS-20B entropy calculation successful: 3.706
PASSED
tests/integration/integration_system/test_tokenizer_validation.py::TestTokenizerValidation::test_huggingface_model_path_handling ‚úì HuggingFace model path openai/gpt-oss-20b handled successfully
‚úì HuggingFace model path Qwen/Qwen3-30B-A3B-Base handled successfully
PASSED
tests/integration/integration_system/test_tokenizer_validation.py::TestTokenizerValidation::test_performance_impact ‚úì Performance test passed - times: ['0.000s', '0.000s', '0.000s']
PASSED
tests/integration/integration_system/test_tokenizer_validation.py::TestTokenizerValidation::test_qwen3_30b_context_analyzer ‚úì Qwen3-30B multilingual context analysis successful
PASSED
tests/integration/integration_system/test_tokenizer_validation.py::TestTokenizerValidation::test_qwen3_30b_entropy_calculator ‚úì Qwen3-30B entropy calculation successful: 3.706
PASSED
tests/integration/integration_system/test_tokenizer_validation.py::TestTokenizerValidation::test_tokenizer_consistency ‚úì Consistent results for gpt-oss-20b vs openai/gpt-oss-20b
‚úì Consistent results for qwen3-30b-a3b-base vs Qwen/Qwen3-30B-A3B-Base
PASSED
tests/integration/test_evaluator_framework_integration.py::TestEvaluatorFrameworkIntegration::test_cognitive_domain_mapping_accuracy PASSED
tests/integration/test_evaluator_framework_integration.py::TestEvaluatorFrameworkIntegration::test_cross_domain_evaluator_consistency PASSED
tests/integration/test_evaluator_framework_integration.py::TestEvaluatorFrameworkIntegration::test_evaluation_aggregation_logic PASSED
tests/integration/test_evaluator_framework_integration.py::TestEvaluatorFrameworkIntegration::test_evaluator_pipeline_error_handling PASSED
tests/integration/test_evaluator_framework_integration.py::TestEvaluatorFrameworkIntegration::test_multi_evaluator_response_analysis PASSED
tests/integration/test_evaluator_framework_integration.py::TestEvaluatorFrameworkIntegration::test_pipeline_initialization_with_available_evaluators PASSED
tests/integration/test_evaluator_framework_integration.py::TestEvaluatorFrameworkIntegration::test_statistical_validation_across_evaluators PASSED
tests/integration/test_evaluator_framework_integration.py::TestEvaluatorFallbackBehavior::test_all_evaluators_unavailable_fallback PASSED
tests/integration/test_evaluator_framework_integration.py::TestEvaluatorFallbackBehavior::test_cultural_evaluator_fallback PASSED
tests/integration/test_evaluator_framework_integration.py::TestEvaluatorFallbackBehavior::test_enhanced_evaluator_fallback PASSED
tests/integration/test_evaluator_framework_integration.py::TestEvaluatorFallbackBehavior::test_pattern_evaluator_fallback PASSED
tests/integration/test_evaluator_framework_integration.py::TestEvaluatorPerformanceCharacteristics::test_evaluation_throughput_performance ‚úÖ Evaluator Integration Performance:
   Total evaluations: 20
   Total time: 0.00s
   Throughput: 8629.37 evaluations/second
PASSED
tests/integration/test_evaluator_framework_integration.py::TestEvaluatorPerformanceCharacteristics::test_memory_usage_under_load ‚úÖ Memory Usage Test:
   Baseline memory: 1947.62MB
   Final memory: 1947.62MB
   Memory increase: 0.00MB
PASSED
tests/functional/test_cli_workflows.py::TestCLIWorkflows::test_category_execution PASSED
tests/functional/test_cli_workflows.py::TestCLIWorkflows::test_category_listing PASSED
tests/functional/test_cli_workflows.py::TestCLIWorkflows::test_chunked_category_execution ‚úÖ Chunked execution: 0 passed, 2 failed, 1947.9MB peak memory
FAILED
tests/functional/test_cli_workflows.py::TestCLIWorkflows::test_domain_discovery PASSED
tests/functional/test_cli_workflows.py::TestCLIWorkflows::test_evaluation_integration PASSED
tests/functional/test_cli_workflows.py::TestCLIWorkflows::test_list_tests_with_category_filter PASSED
tests/functional/test_cli_workflows.py::TestCLIWorkflows::test_single_test_execution PASSED
tests/functional/test_domain_execution.py::TestDomainExecution::test_concurrent_execution FAILED
tests/functional/test_domain_execution.py::TestDomainExecution::test_cross_domain_execution FAILED
tests/functional/test_domain_execution.py::TestDomainExecution::test_instruct_domain_execution FAILED
tests/functional/test_domain_execution.py::TestDomainExecution::test_reasoning_domain_execution PASSED
tests/functional/test_domain_execution.py::TestDomainExecution::test_sequential_vs_concurrent_comparison FAILED
tests/functional/test_network_failure_scenarios.py::TestNetworkFailureScenarios::test_cli_with_server_unavailable FAILED
tests/functional/test_network_failure_scenarios.py::TestNetworkFailureScenarios::test_connection_retry_with_exponential_backoff PASSED
tests/functional/test_network_failure_scenarios.py::TestNetworkFailureScenarios::test_graceful_degradation_to_mock_mode PASSED
tests/functional/test_network_failure_scenarios.py::TestNetworkFailureScenarios::test_invalid_endpoint_handling PASSED
tests/functional/test_network_failure_scenarios.py::TestNetworkFailureScenarios::test_malformed_request_handling PASSED
tests/functional/test_network_failure_scenarios.py::TestNetworkFailureScenarios::test_network_failure_scenarios_comprehensive ‚úÖ Network Failure Scenarios Tested:
   timeout: ‚úÖ Handled
   invalid_endpoint: ‚úÖ Handled
   malformed_request: ‚úÖ Handled
PASSED
tests/functional/test_network_failure_scenarios.py::TestNetworkFailureScenarios::test_resilient_request_retry_logic PASSED
tests/functional/test_network_failure_scenarios.py::TestNetworkFailureScenarios::test_server_health_check_error_handling FAILED
tests/functional/test_network_failure_scenarios.py::TestNetworkFailureScenarios::test_server_timeout_handling FAILED
tests/functional/test_network_failure_scenarios.py::TestServerDependencyDetection::test_backend_type_detection_llama_cpp PASSED
tests/functional/test_network_failure_scenarios.py::TestServerDependencyDetection::test_backend_type_detection_vllm FAILED
tests/functional/test_network_failure_scenarios.py::TestServerDependencyDetection::test_health_check_caching PASSED
tests/functional/test_network_failure_scenarios.py::TestServerDependencyDetection::test_port_connectivity_check PASSED
tests/functional/test_network_failure_scenarios.py::TestServerDependencyDetection::test_response_format_detection PASSED
tests/functional/test_result_validation.py::TestResultValidation::test_batch_results_aggregation FAILED
tests/functional/test_result_validation.py::TestResultValidation::test_concurrent_results_integrity FAILED
tests/functional/test_result_validation.py::TestResultValidation::test_error_handling_in_results FAILED
tests/functional/test_result_validation.py::TestResultValidation::test_evaluation_scores_saved FAILED
tests/functional/test_result_validation.py::TestResultValidation::test_expected_output_file_structure PASSED
tests/functional/test_result_validation.py::TestResultValidation::test_json_result_file_creation PASSED
tests/calibration/test_calibration_suite.py::TestReferenceTestCases::test_calibration_summary PASSED
tests/calibration/test_calibration_suite.py::TestReferenceTestCases::test_get_active_test_cases PASSED
tests/calibration/test_calibration_suite.py::TestReferenceTestCases::test_reference_test_cases_not_empty PASSED
tests/calibration/test_calibration_suite.py::TestReferenceTestCases::test_reference_test_cases_structure PASSED
tests/calibration/test_calibration_suite.py::TestCalibrationValidator::test_assess_calibration_status_broken PASSED
tests/calibration/test_calibration_suite.py::TestCalibrationValidator::test_assess_calibration_status_good PASSED
tests/calibration/test_calibration_suite.py::TestCalibrationValidator::test_assess_calibration_status_needs_work PASSED
tests/calibration/test_calibration_suite.py::TestCalibrationValidator::test_assess_calibration_status_perfect PASSED
tests/calibration/test_calibration_suite.py::TestCalibrationValidator::test_calibration_validator_initialization PASSED
tests/calibration/test_calibration_suite.py::TestCalibrationValidator::test_run_multi_sample_test_mock PASSED
tests/calibration/test_calibration_suite.py::TestCalibrationValidator::test_setup_benchmark_runner PASSED
tests/calibration/test_calibration_suite.py::TestCalibrationReporter::test_count_calibration_statuses PASSED
tests/calibration/test_calibration_suite.py::TestCalibrationReporter::test_determine_overall_status_broken PASSED
tests/calibration/test_calibration_suite.py::TestCalibrationReporter::test_determine_overall_status_excellent PASSED
tests/calibration/test_calibration_suite.py::TestCalibrationReporter::test_generate_report PASSED
tests/calibration/test_calibration_suite.py::TestCalibrationReporter::test_save_detailed_report PASSED
tests/calibration/test_calibration_suite.py::TestIntegration::test_end_to_end_mock_workflow PASSED
tests/calibration/test_calibration_suite.py::TestIntegration::test_reference_test_case_compatibility PASSED
tests/calibration/test_calibration_suite.py::TestCalibrationFrameworkStability::test_empty_results_handling PASSED
tests/calibration/test_calibration_suite.py::TestCalibrationFrameworkStability::test_invalid_test_case_handling PASSED
tests/calibration/test_calibration_suite.py::TestCalibrationFrameworkStability::test_single_sample_statistics PASSED
ERROR: Coverage failure: total of 57 is less than fail-under=80


=================================== FAILURES ===================================
_______________ TestCLIWorkflows.test_chunked_category_execution _______________
tests/functional/test_cli_workflows.py:107: in test_chunked_category_execution
    self.assertEqual(result_data["test_id"], "basic_01")
                     ^^^^^^^^^^^
E   NameError: name 'result_data' is not defined
________________ TestDomainExecution.test_concurrent_execution _________________
tests/functional/test_domain_execution.py:146: in test_concurrent_execution
    self.assert_command_success(stdout, stderr, exit_code, "Concurrent execution")
tests/functional/base_functional_test.py:148: in assert_command_success
    self.fail(f"{msg}\\n{error_info}")
E   AssertionError: Concurrent execution should succeed\nExit code: -1\nStdout: \nStderr: Command timed out after 300s\nServer status: Server available (unknown)
_______________ TestDomainExecution.test_cross_domain_execution ________________
tests/functional/test_domain_execution.py:108: in test_cross_domain_execution
    self.assert_command_success(stdout2, stderr2, exit_code2, "Cross-domain linux execution")
tests/functional/base_functional_test.py:148: in assert_command_success
    self.fail(f"{msg}\\n{error_info}")
E   AssertionError: Cross-domain linux execution should succeed\nExit code: 1\nStdout: [2025-09-02 00:14:58,586] [INFO] [real_accelerator.py:260:get_accelerator] Setting ds_accelerator to cuda (auto detect)
E   [2025-09-02 00:15:01,058] [INFO] [logging.py:107:log_dist] [Rank -1] [TorchCheckpointEngine] Initialized with serialization = False
E   BenchmarkTestRunner - Test Execution Engine
E   ==================================================
E   API Endpoint: http://127.0.0.1:8004/v1/completions
E   Model: /app/models/hf/DeepSeek-R1-0528-Qwen3-8b
E   Test Type: instruct
E   Mode: single
E   Loaded 977 tests from test_definitions
E   ‚ùå Test ID 'linux_test_01' not found
E   \nStderr: 2025-09-02 00:15:01,103 - datasets - INFO - PyTorch version 2.7.0+cu128 available.
E   2025-09-02 00:15:01,669 - root - WARNING - KnowledgeValidator not available
E   2025-09-02 00:15:01,681 - __main__ - INFO - BenchmarkTestRunner initialized
E   2025-09-02 00:15:01,690 - __main__ - INFO - API configured: http://127.0.0.1:8004/v1/completions (completions)
E   \nServer status: Server available (unknown)
______________ TestDomainExecution.test_instruct_domain_execution ______________
tests/functional/test_domain_execution.py:65: in test_instruct_domain_execution
    self.assert_command_success(stdout, stderr, exit_code, "Linux domain execution")
tests/functional/base_functional_test.py:148: in assert_command_success
    self.fail(f"{msg}\\n{error_info}")
E   AssertionError: Linux domain execution should succeed\nExit code: 1\nStdout: [2025-09-02 00:15:08,040] [INFO] [real_accelerator.py:260:get_accelerator] Setting ds_accelerator to cuda (auto detect)
E   [2025-09-02 00:15:10,596] [INFO] [logging.py:107:log_dist] [Rank -1] [TorchCheckpointEngine] Initialized with serialization = False
E   BenchmarkTestRunner - Test Execution Engine
E   ==================================================
E   API Endpoint: http://127.0.0.1:8004/v1/completions
E   Model: /app/models/hf/DeepSeek-R1-0528-Qwen3-8b
E   Test Type: instruct
E   Mode: single
E   Loaded 977 tests from test_definitions
E   ‚ùå Test ID 'basic_01' not found
E   \nStderr: 2025-09-02 00:15:10,641 - datasets - INFO - PyTorch version 2.7.0+cu128 available.
E   2025-09-02 00:15:11,205 - root - WARNING - KnowledgeValidator not available
E   2025-09-02 00:15:11,217 - __main__ - INFO - BenchmarkTestRunner initialized
E   2025-09-02 00:15:11,226 - __main__ - INFO - API configured: http://127.0.0.1:8004/v1/completions (completions)
E   \nServer status: Server available (unknown)
_________ TestDomainExecution.test_sequential_vs_concurrent_comparison _________
tests/functional/test_domain_execution.py:182: in test_sequential_vs_concurrent_comparison
    self.assert_command_success(stdout1, stderr1, exit_code1, "Sequential execution for comparison")
tests/functional/base_functional_test.py:148: in assert_command_success
    self.fail(f"{msg}\\n{error_info}")
E   AssertionError: Sequential execution for comparison should succeed\nExit code: -1\nStdout: \nStderr: Command timed out after 180s\nServer status: Server available (unknown)
_________ TestNetworkFailureScenarios.test_cli_with_server_unavailable _________
tests/functional/test_network_failure_scenarios.py:100: in test_cli_with_server_unavailable
    self.assertNotEqual(exit_code, 0, "CLI should fail gracefully when server unavailable")
E   AssertionError: 0 == 0 : CLI should fail gracefully when server unavailable
_____ TestNetworkFailureScenarios.test_server_health_check_error_handling ______
tests/functional/test_network_failure_scenarios.py:219: in test_server_health_check_error_handling
    self.assertEqual(health.status, expected_status)
E   AssertionError: <ServerStatus.UNAVAILABLE: 'unavailable'> != <ServerStatus.TIMEOUT: 'timeout'>
___________ TestNetworkFailureScenarios.test_server_timeout_handling ___________
tests/functional/test_network_failure_scenarios.py:45: in test_server_timeout_handling
    self.assertIn("timeout", health.error_message.lower())
E   AssertionError: 'timeout' not found in 'all completion endpoints failed'
________ TestServerDependencyDetection.test_backend_type_detection_vllm ________
tests/functional/test_network_failure_scenarios.py:286: in test_backend_type_detection_vllm
    self.assertEqual(backend_type, "vLLM")
E   AssertionError: 'llama.cpp' != 'vLLM'
E   - llama.cpp
E   + vLLM
_____________ TestResultValidation.test_batch_results_aggregation ______________
tests/functional/test_result_validation.py:114: in test_batch_results_aggregation
    self.assert_command_success(stdout, stderr, exit_code, "Batch results aggregation test")
tests/functional/base_functional_test.py:148: in assert_command_success
    self.fail(f"{msg}\\n{error_info}")
E   AssertionError: Batch results aggregation test should succeed\nExit code: 1\nStdout: [2025-09-02 00:18:46,999] [INFO] [real_accelerator.py:260:get_accelerator] Setting ds_accelerator to cuda (auto detect)
E   [2025-09-02 00:18:49,560] [INFO] [logging.py:107:log_dist] [Rank -1] [TorchCheckpointEngine] Initialized with serialization = False
E   BenchmarkTestRunner - Test Execution Engine
E   ==================================================
E   API Endpoint: http://127.0.0.1:8004/v1/completions
E   Model: /app/models/hf/DeepSeek-R1-0528-Qwen3-8b
E   Test Type: base
E   Mode: category
E   Loaded 1094 tests from test_definitions
E   ‚ùå No tests found for category: pattern_completion
E   \nStderr: 2025-09-02 00:18:49,606 - datasets - INFO - PyTorch version 2.7.0+cu128 available.
E   2025-09-02 00:18:50,171 - root - WARNING - KnowledgeValidator not available
E   2025-09-02 00:18:50,182 - __main__ - INFO - BenchmarkTestRunner initialized
E   2025-09-02 00:18:50,193 - __main__ - INFO - API configured: http://127.0.0.1:8004/v1/completions (completions)
E   \nServer status: Server available (unknown)
____________ TestResultValidation.test_concurrent_results_integrity ____________
tests/functional/test_result_validation.py:198: in test_concurrent_results_integrity
    self.assert_command_success(stdout, stderr, exit_code, "Concurrent results integrity test")
tests/functional/base_functional_test.py:148: in assert_command_success
    self.fail(f"{msg}\\n{error_info}")
E   AssertionError: Concurrent results integrity test should succeed\nExit code: -1\nStdout: \nStderr: Command timed out after 300s\nServer status: Server available (unknown)
_____________ TestResultValidation.test_error_handling_in_results ______________
tests/functional/test_result_validation.py:245: in test_error_handling_in_results
    self.assertIn("nonexistent_test_999", stderr.lower() or stdout.lower())
E   AssertionError: 'nonexistent_test_999' not found in '2025-09-02 00:23:59,281 - datasets - info - pytorch version 2.7.0+cu128 available.\n2025-09-02 00:23:59,846 - root - warning - knowledgevalidator not available\n2025-09-02 00:23:59,858 - __main__ - info - benchmarktestrunner initialized\n2025-09-02 00:23:59,868 - __main__ - info - api configured: http://127.0.0.1:8004/v1/completions (completions)\n'
______________ TestResultValidation.test_evaluation_scores_saved _______________
tests/functional/test_result_validation.py:90: in test_evaluation_scores_saved
    self.assertTrue(
E   AssertionError: False is not true : Evaluation data should be present when --evaluation flag is used
================================ tests coverage ================================
_______________ coverage: platform linux, python 3.12.11-final-0 _______________

Name                                                             Stmts   Miss  Cover   Missing
----------------------------------------------------------------------------------------------
core/benchmarking_engine.py                                        247    115    53%   140-175, 187-188, 200-201, 211-251, 371-412, 447, 461-491, 496-536, 541-559, 562
core/calibration_engine.py                                         241    193    20%   103-112, 117-209, 213-224, 230-252, 262-314, 324-351, 363-434, 439-471, 475-486, 489
core/cognitive_evaluation_pipeline.py                              267     57    79%   30-32, 37-39, 44-46, 51-53, 131-132, 138-139, 145-146, 152-153, 195-197, 269-271, 291-293, 309-311, 335-337, 349-350, 353-356, 369, 376, 418-430, 448, 456, 496, 504
core/cognitive_validation.py                                       231    231     0%   17-453
core/production_calibration.py                                     277    228    18%   69-89, 93-104, 108-155, 159-168, 172-225, 240-263, 267-281, 287-307, 317-325, 335, 345-358, 362-415, 420-514, 518-521, 527
core/resource_manager.py                                           195    195     0%   18-377
core/results_manager.py                                            246     42    83%   167-177, 253, 260-261, 302, 324, 365-378, 400, 405-406, 423-430, 437-438, 447-448, 483-519, 526, 535-541
core/test_mode_config.py                                           200     40    80%   341, 345, 349, 354, 373, 376, 385, 412-461, 466
evaluator/__init__.py                                                8      0   100%
evaluator/advanced/__init__.py                                       6      0   100%
evaluator/advanced/consistency_validator.py                        315     98    69%   32-34, 41-43, 112-114, 222-245, 250, 255, 273-275, 279-294, 316, 321-324, 332, 360, 369-390, 400, 407-408, 413, 498, 505, 553, 573, 592, 604, 632-664, 687-694
evaluator/advanced/context_analyzer.py                             545    120    78%   25-27, 33-35, 41-43, 78, 120-122, 136, 144-146, 179-181, 194, 229-231, 270-277, 284-286, 299, 319, 337-339, 386-388, 395, 413-416, 421-432, 487-488, 508, 527, 576, 593-602, 611, 706-707, 776, 860-891, 898, 902, 909, 917-922, 933, 951, 969, 975-977, 997, 1057, 1087-1088, 1094-1095, 1128-1132, 1158-1183, 1187-1190
evaluator/advanced/entropy_calculator.py                           371     77    79%   25-27, 33-35, 41-43, 149-161, 183, 197-198, 228, 232, 261, 278-280, 294, 300-303, 315, 340, 382, 468-510, 659-660, 686, 744-768, 773-776
evaluator/advanced/model_loader.py                                  80     24    70%   21-22, 46, 49, 77, 85-90, 138-139, 151-152, 165-179, 196-199, 210-211, 216
evaluator/advanced/quantization_tester.py                          532     52    90%   88-90, 138-140, 154, 202-204, 217, 248-250, 420-421, 550-551, 599-602, 688, 695, 761, 801, 892-893, 896-897, 909, 911, 923-924, 927-928, 1027, 1108, 1199, 1399-1421, 1425-1428
evaluator/advanced/semantic_coherence.py                           698    240    66%   26-28, 35-37, 44-46, 87, 91-93, 106-123, 150-154, 166-182, 190-194, 226, 230-232, 247, 265, 268, 272-274, 288, 304, 309-313, 326, 349-351, 364, 412-414, 464-466, 707, 719-787, 793, 802-807, 831-833, 837-887, 892, 920-922, 933, 963-965, 969-1042, 1047, 1052-1076, 1147, 1168, 1193-1218, 1223, 1289-1291, 1311, 1407-1429, 1434-1437
evaluator/core/__init__.py                                           5      0   100%
evaluator/core/advanced_analysis_orchestrator.py                   319    108    66%   141, 185-188, 196-199, 207-210, 218-221, 229-232, 241-244, 253-256, 284-294, 306-311, 326, 358, 371-390, 414, 520, 531, 540, 570, 574, 585, 590-601, 610-618, 627-629, 638, 648-653, 662, 673, 720-721, 754, 758-773, 777-778, 782-783, 806-843
evaluator/core/domain_evaluator_base.py                            194     58    70%   55-58, 70, 93, 98, 116, 124-141, 147-161, 172, 175, 195, 204, 223-225, 255, 290, 297, 309, 314, 321, 339, 360, 364, 368-385
evaluator/core/ensemble_disagreement_detector.py                   230     61    73%   142-178, 195-209, 222, 276, 370, 468-505, 511-527, 531-548, 623
evaluator/core/evaluation_aggregator.py                            354     44    88%   149, 173, 197, 236, 244, 296, 304, 348, 352, 355, 373, 428, 467-469, 486, 492, 516, 534, 548-552, 559, 566, 587-588, 597-598, 649-650, 654, 668-717
evaluator/core/evaluation_config.py                                 20      0   100%
evaluator/cultural/__init__.py                                      10      0   100%
evaluator/cultural/community_leadership_evaluator.py               305    275    10%   45-237, 262, 266, 270, 287-306, 318-357, 369-407, 419-472, 484-530, 542-582, 594-632, 644-682, 694-740, 751-754, 765-806
evaluator/cultural/conflict_resolution_evaluator.py                250    221    12%   44-187, 212, 216, 220, 236-253, 265-305, 317-356, 368-414, 426-465, 477-515, 527-566, 578-617, 628-631, 642-671
evaluator/cultural/cross_cultural_coherence.py                     181      1    99%   196
evaluator/cultural/cultural_authenticity.py                        166      1    99%   171
evaluator/cultural/cultural_dataset_validator.py                   266     81    70%   120-121, 126, 134-148, 154-191, 195-206, 210-221, 225-247, 251-264, 268-269, 297-299, 342, 354, 360-362, 375-376, 422-429, 435, 450, 471-477, 487-512, 520-523, 545-546, 617-619
evaluator/cultural/cultural_pattern_library.py                     174      1    99%   397
evaluator/cultural/intercultural_competence_assessor.py            279    249    11%   45-224, 244, 248, 252, 269-288, 300-337, 349-389, 401-441, 453-493, 505-545, 557-597, 609-655, 667-699, 710-713, 724-754
evaluator/cultural/social_hierarchy_navigation_assessor.py         269    239    11%   45-216, 231, 235, 239, 256-275, 287-332, 344-389, 401-433, 445-477, 489-521, 533-565, 577-615, 627-663, 674-677, 688-724
evaluator/cultural/tradition_validator.py                          188      2    99%   181, 539
evaluator/data/__init__.py                                           3      0   100%
evaluator/data/domain_metadata_extractor.py                        414    221    47%   274, 276, 307-311, 334-335, 356, 370-374, 388-389, 391-392, 399-430, 510-511, 518-558, 568-588, 604-654, 675-714, 718-746, 750-783, 787-818, 826-835, 850-888, 904-924
evaluator/data/open_cultural_apis.py                               340    235    31%   78-89, 93-94, 99, 104, 112-150, 155-156, 160-175, 179-200, 204-218, 222, 235, 252-293, 297-298, 303-320, 324-339, 343-365, 369-379, 383, 396, 413-448, 452-453, 457-471, 475-502, 506-510, 514, 527, 606-668, 680-703, 707-710, 714-736, 743-784, 788-806
evaluator/linguistics/__init__.py                                    5      0   100%
evaluator/linguistics/historical_linguistics_evaluator.py          273    243    11%   45-182, 202, 206, 210, 227-246, 258-304, 316-349, 361-393, 405-437, 449-492, 504-545, 557-595, 607-647, 658-661, 672-702
evaluator/linguistics/multilingual_code_switching_evaluator.py     305    275    10%   43-189, 206, 210, 214, 231-250, 261-272, 277-326, 338-385, 397-429, 441-472, 484-538, 550-579, 591-614, 626-670, 684-694, 698-701, 712-745
evaluator/linguistics/pragmatic_meaning_evaluator.py               300    270    10%   45-223, 240, 244, 248, 265-284, 296-347, 359-408, 420-470, 482-520, 532-571, 583-621, 633-671, 683-722, 733-736, 747-781
evaluator/linguistics/rhythmic_analyzer.py                         230      6    97%   164, 174-175, 224-225, 439
evaluator/subjects/__init__.py                                       7      0   100%
evaluator/subjects/creativity_evaluator.py                         261     16    94%   150-151, 189-192, 335-336, 374-377, 432-435
evaluator/subjects/domain_evaluation_router.py                     289     41    86%   269, 277-284, 291, 299-306, 313, 321-328, 352-355, 360-361, 364-367, 372-373, 568, 570
evaluator/subjects/enhanced_universal_evaluator.py                 657    400    39%   152, 156, 163-169, 246, 261, 282, 296-311, 346, 403, 407-411, 442-457, 462-470, 502, 508, 515, 523-533, 539-588, 596-635, 639-662, 666-682, 686-704, 708-734, 743-754, 808-846, 850-867, 871-889, 893-911, 915-938, 948-956, 961-969, 974-982, 987-995, 1000-1008, 1013-1021, 1032-1037, 1041-1045, 1049-1055, 1059-1065, 1069-1077, 1081-1088, 1099, 1111, 1119-1121, 1132-1248, 1272-1274, 1283-1296, 1302, 1336-1375, 1391-1424, 1444, 1446, 1448, 1450, 1452, 1454, 1461-1462
evaluator/subjects/integration_evaluator.py                        272     25    91%   161, 163, 165, 167, 212-220, 227, 234, 276, 310-311, 363-366, 381, 396-397, 461-462
evaluator/subjects/language_evaluator.py                           343    310    10%   48-217, 241, 245, 249, 267-289, 301-349, 361-413, 425-485, 497-538, 550-591, 603-653, 665-699, 711-760, 772-828, 839-842, 853-883
evaluator/subjects/pattern_based_evaluator.py                      196     41    79%   208, 226, 266, 268, 270, 280-285, 304, 317-349, 390, 392, 396, 410, 427, 429, 436, 462, 482, 512-522
evaluator/subjects/reasoning_evaluator.py                         1299    312    76%   24-26, 31-33, 38-40, 45-47, 52-54, 58, 66-68, 73-75, 80-82, 250-251, 297, 324, 332-338, 342, 400, 402, 404, 410, 412, 522-527, 532-537, 542-547, 552-557, 565-566, 573-576, 585-586, 595-596, 605-606, 656-659, 704, 706, 737-803, 820, 824-827, 836, 840, 850-851, 859, 876, 878, 880, 882, 884, 886, 946-959, 966-970, 981, 993, 999-1000, 1036-1037, 1042, 1237-1239, 1665, 1698, 1761, 1763, 1767, 1769, 1773, 1833-1834, 1875, 1877, 1880-1883, 1949, 1951, 2032, 2037-2038, 2091, 2125, 2140, 2142, 2168-2169, 2180, 2197, 2199-2202, 2305, 2309, 2314, 2316, 2458, 2462, 2465, 2471, 2491, 2505, 2603-2640, 2654-2687, 2696-2736, 2740-2756, 2760-2792, 2796-2847, 2851-2889, 2899-2919, 2923-2936, 2940-2947
evaluator/subjects/social_evaluator.py                             372    326    12%   54-55, 59-65, 69, 73, 85, 91-109, 120, 145, 172, 199, 228, 263, 292, 334-374, 391-442, 454-510, 522-572, 584-640, 652-685, 697-747, 759-808, 819-850, 855-893, 897-912, 916-919, 930-965
evaluator/validation/__init__.py                                     7      0   100%
evaluator/validation/community_flagging_system.py                  261     28    89%   123-130, 146-147, 176-177, 323-332, 350-360, 381, 400, 403, 415-420, 527-528, 532, 607
evaluator/validation/integrated_validation_system.py               261    157    40%   76, 78, 85, 155-357, 382-398, 402-420, 424-439, 443-461, 468-494, 498-529, 533-577, 603, 608, 612-615, 619-622
evaluator/validation/knowledge_validator.py                        374     72    81%   32-34, 40-42, 131-133, 292-294, 311-339, 494, 503, 520-522, 526-540, 561-568, 609, 651, 662, 720-722, 736, 739-742, 751, 756, 761, 765-768, 824, 892
evaluator/validation/multi_source_fact_validator.py                315     78    75%   201-203, 211-212, 219-220, 228-229, 258, 271-273, 303, 316-318, 345, 360-362, 378-391, 396, 400, 420, 434, 452, 456, 466, 473-474, 478, 488, 494-495, 515, 523, 528, 546-550, 562-567, 581-584, 590, 602, 612, 618, 636, 667-696
evaluator/validation/validation_runner.py                          263    171    35%   63, 65, 169-203, 209-259, 274-308, 312-330, 334-352, 356-374, 378-398, 402-424, 428-456, 460-472, 489-513, 529-554, 558-573, 582-588, 592-612, 616-627, 631, 652, 656
evaluator/validation/wikipedia_fact_checker.py                     351    128    64%   130, 153-155, 197-235, 260-270, 279-293, 348-376, 380, 384-396, 400-419, 423-441, 448-449, 456-459, 467-478, 489-507, 517-518, 564, 619, 636, 649, 653, 683, 694, 711-722
----------------------------------------------------------------------------------------------
TOTAL                                                            15067   6408    57%
FAIL Required test coverage of 80% not reached. Total coverage: 57.47%
=========================== short test summary info ============================
FAILED tests/functional/test_cli_workflows.py::TestCLIWorkflows::test_chunked_category_execution
FAILED tests/functional/test_domain_execution.py::TestDomainExecution::test_concurrent_execution
FAILED tests/functional/test_domain_execution.py::TestDomainExecution::test_cross_domain_execution
FAILED tests/functional/test_domain_execution.py::TestDomainExecution::test_instruct_domain_execution
FAILED tests/functional/test_domain_execution.py::TestDomainExecution::test_sequential_vs_concurrent_comparison
FAILED tests/functional/test_network_failure_scenarios.py::TestNetworkFailureScenarios::test_cli_with_server_unavailable
FAILED tests/functional/test_network_failure_scenarios.py::TestNetworkFailureScenarios::test_server_health_check_error_handling
FAILED tests/functional/test_network_failure_scenarios.py::TestNetworkFailureScenarios::test_server_timeout_handling
FAILED tests/functional/test_network_failure_scenarios.py::TestServerDependencyDetection::test_backend_type_detection_vllm
FAILED tests/functional/test_result_validation.py::TestResultValidation::test_batch_results_aggregation
FAILED tests/functional/test_result_validation.py::TestResultValidation::test_concurrent_results_integrity
FAILED tests/functional/test_result_validation.py::TestResultValidation::test_error_handling_in_results
FAILED tests/functional/test_result_validation.py::TestResultValidation::test_evaluation_scores_saved
===== 13 failed, 806 passed, 3 skipped, 18 warnings in 1413.59s (0:23:33) ======
‚öôÔ∏è Configuration:
   Mode: production_full
   Description: Comprehensive production testing including all server-dependent tests
   Chunk Size: 15
   Max Concurrent: 1
   Timeout Per Test: 120s
   Memory Limit: 10000MB
   Coverage Enabled: True
   Verbose Output: True
   Include Functional: True
   Include Calibration: True

üîç Checking server availability...
‚úÖ Server is available
üöÄ Running production_full tests:
   Test Directories: tests/unit, tests/integration, tests/functional, tests/calibration
   Pytest Args: --tb=short --strict-markers --disable-warnings -v -s --cov=evaluator --cov=core --cov-report=term-missing --cov-fail-under=80 --cov-config=.coveragerc

make[1]: Entering directory '/home/alejandro/workspace/ai-workstation/benchmark_tests'
[1m[33müßπ Post-test Cleanup[0m
make[1]: Leaving directory '/home/alejandro/workspace/ai-workstation/benchmark_tests'
make: *** [Makefile:884: test-production-full] Error 1
